
[MEDIUM] C:/Software/CASAL2/CASAL2/source/GlobalConfiguration/GlobalConfiguration.cpp(line: 47): Overriding random seed from 123 to 123
[INFO] Setting the random number seed to 123
[MEDIUM] C:/Software/CASAL2/CASAL2/source/Utilities/RandomNumberGenerator.cpp(line: 47): Reset RNG Seed: 123
[MEDIUM] C:/Software/CASAL2/CASAL2/source/Runner.cpp(line: 215): number of threads specified for model: 1
[MEDIUM] C:/Software/CASAL2/CASAL2/source/Model/Model.cpp(line: 215): Model::PrepareForIterations() on thread 1
[MEDIUM] C:/Software/CASAL2/CASAL2/source/Model/Model.cpp(line: 230): get_free_parameter_input_file(): mpd_mvnorm_pars.csl2
[INFO] Estimable parameters were loaded from the free parameter file: mpd_mvnorm_pars.csl2
[MEDIUM] C:/Software/CASAL2/CASAL2/source/Observations/Age/Biomass.cpp(line: 95): Number of categories: 1, number of years: 21, number of observation columns: 21
[WARNING] Estimates were removed because of matching lower and upper bounds. Originally had 48 estimates, now have 46
[INFO] Creating default report for derived quantity biomass_t1
[INFO] Creating default report for observation chatOBSest
[INFO] Creating default report for observation chatOBSwst
[INFO] Creating default report for observation chatTANage
[INFO] Creating default report for observation chatTANbiomass
[INFO] Creating default report for process Recruitment
[INFO] Creating default report for process Ageing
[INFO] Creating default report for process instant_mort
[INFO] Creating default report for selectivity MaturationSel
[INFO] Creating default report for selectivity westFSel
[INFO] Creating default report for selectivity eastFSel
[INFO] Creating default report for selectivity chatTANSel
[INFO] Creating default report for selectivity One
[INFO] Initiating simulation run mode
[MEDIUM] C:/Software/CASAL2/CASAL2/source/Penalties/Manager.cpp(line: 67): Flagging Penalty: CatchMustBeTaken1(instant_mort) with value 168.662 adding to 0 existing penalties
[MEDIUM] C:/Software/CASAL2/CASAL2/source/Penalties/Manager.cpp(line: 67): Flagging Penalty: CatchMustBeTaken1(instant_mort) with value 168.662 adding to 1 existing penalties
[MEDIUM] C:/Software/CASAL2/CASAL2/source/Penalties/Manager.cpp(line: 67): Flagging Penalty: CatchMustBeTaken1(instant_mort) with value 111.445 adding to 2 existing penalties
[MEDIUM] C:/Software/CASAL2/CASAL2/source/Penalties/Manager.cpp(line: 67): Flagging Penalty: CatchMustBeTaken1(instant_mort) with value 111.445 adding to 3 existing penalties
[MEDIUM] C:/Software/CASAL2/CASAL2/source/Penalties/Manager.cpp(line: 67): Flagging Penalty: CatchMustBeTaken1(instant_mort) with value 210.72 adding to 4 existing penalties
[MEDIUM] C:/Software/CASAL2/CASAL2/source/Penalties/Manager.cpp(line: 67): Flagging Penalty: CatchMustBeTaken1(instant_mort) with value 210.72 adding to 5 existing penalties
[MEDIUM] C:/Software/CASAL2/CASAL2/source/Penalties/Manager.cpp(line: 67): Flagging Penalty: CatchMustBeTaken1(instant_mort) with value 34.3321 adding to 6 existing penalties
[MEDIUM] C:/Software/CASAL2/CASAL2/source/Penalties/Manager.cpp(line: 67): Flagging Penalty: CatchMustBeTaken1(instant_mort) with value 34.3321 adding to 7 existing penalties
[MEDIUM] C:/Software/CASAL2/CASAL2/source/Penalties/Manager.cpp(line: 67): Flagging Penalty: CatchMustBeTaken1(instant_mort) with value 7.13525 adding to 8 existing penalties
[MEDIUM] C:/Software/CASAL2/CASAL2/source/Penalties/Manager.cpp(line: 67): Flagging Penalty: CatchMustBeTaken1(instant_mort) with value 7.13525 adding to 9 existing penalties
[MEDIUM] C:/Software/CASAL2/CASAL2/source/Penalties/Manager.cpp(line: 67): Flagging Penalty: CatchMustBeTaken1(instant_mort) with value 1398.37 adding to 10 existing penalties
[MEDIUM] C:/Software/CASAL2/CASAL2/source/Penalties/Manager.cpp(line: 67): Flagging Penalty: CatchMustBeTaken1(instant_mort) with value 1398.37 adding to 11 existing penalties
[MEDIUM] C:/Software/CASAL2/CASAL2/source/Penalties/Manager.cpp(line: 67): Flagging Penalty: CatchMustBeTaken1(instant_mort) with value 1489.88 adding to 12 existing penalties
[MEDIUM] C:/Software/CASAL2/CASAL2/source/Penalties/Manager.cpp(line: 67): Flagging Penalty: CatchMustBeTaken1(instant_mort) with value 1489.88 adding to 13 existing penalties
[MEDIUM] C:/Software/CASAL2/CASAL2/source/Penalties/Manager.cpp(line: 67): Flagging Penalty: CatchMustBeTaken1(instant_mort) with value 6.04684 adding to 14 existing penalties
[MEDIUM] C:/Software/CASAL2/CASAL2/source/Penalties/Manager.cpp(line: 67): Flagging Penalty: CatchMustBeTaken1(instant_mort) with value 6.04684 adding to 15 existing penalties
[MEDIUM] C:/Software/CASAL2/CASAL2/source/Penalties/Manager.cpp(line: 67): Flagging Penalty: CatchMustBeTaken1(instant_mort) with value 22.164 adding to 16 existing penalties
[MEDIUM] C:/Software/CASAL2/CASAL2/source/Penalties/Manager.cpp(line: 67): Flagging Penalty: CatchMustBeTaken1(instant_mort) with value 22.164 adding to 17 existing penalties
[MEDIUM] C:/Software/CASAL2/CASAL2/source/Penalties/Manager.cpp(line: 67): Flagging Penalty: CatchMustBeTaken1(instant_mort) with value 118.031 adding to 0 existing penalties
[MEDIUM] C:/Software/CASAL2/CASAL2/source/Penalties/Manager.cpp(line: 67): Flagging Penalty: CatchMustBeTaken1(instant_mort) with value 118.031 adding to 1 existing penalties
[CODE_ERROR] A critical error has occurred in the Casal2 source code. Please contact the Casal2 Development Team and report this event

 Fishing caused a negative partition : if (categories->data_[i] < 0.0), category.category_->data_[i] = -967005 i = 1; category stock: numbers at age = -967005 age 1 exploitation = 0.000439856 relative_m_by_age = 1 M = 0.19 time step = 0 used in time step = 0
