Casal2
Call: casal2 -s 1 -i pars.out -g 123 
Date: Mon Mar 07 17:12:59 2022
Version: v22.03 (2022-03-02)
Copyright (c) 2017-2022, NIWA (www.niwa.co.nz)
Environment: User=marshc Machine=NIWA-1008960 OS=Windows_NT PID=32772


*time_varying[chat_mean_selectivity]
chat_mean_selectivity {dataframe}
year Value
1975  9.51995
1976  9.51995
1977  9.51995
1978  9.51995
1979  9.51995
1980  9.51995
1981  9.51995
1982  9.51995
1983  9.51995
1984  9.51995
1985  9.51995
1986  9.51995
1987  9.51995
1988  9.51995
1989  9.51995
1990  9.51995
1991  9.51995
1992  9.51995
1993  9.51995
1994  9.51995
1995  9.51995
1996  9.51995
1997  9.51995
1998  9.51995
1999  9.51995
2000  7.34
2001  7.34
2002  7.34
2003  7.34
2004  7.34
2005  7.34
2006  7.34
2007  7.34
2008  7.34
2009  7.34
2010  7.34
2011  7.34
2012  7.34
*end

*derived_quantity[biomass_t1]
biomass_t1 {list}
type: biomass
initialisation_phase[1]: 75000 
values {vector}
1975 74924.1
1976 74646.6
1977 73939
1978 73595.9
1979 74043.2
1980 75188.7
1981 77566.3
1982 81168.2
1983 85727.4
1984 90683.9
1985 95405.5
1986 99671.8
1987 103210
1988 105515
1989 105901
1990 104038
1991 100402
1992 95433.2
1993 89404
1994 83186.5
1995 77830.3
1996 74055.2
1997 71865.1
1998 70807.1
1999 68955.9
2000 65989.5
2001 62804.2
2002 59441.5
2003 56167.8
2004 52183.3
2005 47354.5
2006 44231.4
2007 43629.4
2008 43920.4
2009 44258.2
2010 44310.1
2011 43953.7
2012 42633.6
{end_list}
*end

*observation[chatTANbiomass]
observation_type: biomass
likelihood: lognormal
Values {dataframe}
year category age length observed expected residual error_value process_error adjusted_error neglogLike pearsons_residuals normalised_residuals
1992 stock 0 0 4734.1 5115.54 -381.445 0.15 0.2 0.25 0 -0.298263 -0.191617
1993 stock 0 0 3022.68 4765.49 -1742.81 0.17 0.2 0.262488 0 -1.39326 -1.63462
1994 stock 0 0 3712.61 4456.43 -743.821 0.1 0.2 0.223607 0 -0.746442 -0.716291
1995 stock 0 0 7426.03 4220.06 3205.97 0.23 0.2 0.304795 0 2.49249 2.04515
1996 stock 0 0 3373.08 4039.71 -666.63 0.13 0.2 0.238537 0 -0.691798 -0.649013
1997 stock 0 0 6005.35 3922.59 2082.76 0.17 0.2 0.262488 0 2.02282 1.77902
1998 stock 0 0 4111.86 3838.97 272.892 0.18 0.2 0.269072 0 0.264184 0.391934
1999 stock 0 0 4867.18 3627 1240.18 0.12 0.2 0.233238 0 1.46601 1.39294
2000 stock 0 0 3713.28 3560.06 153.22 0.09 0.2 0.219317 0 0.196239 0.302786
2001 stock 0 0 2104.64 3293.24 -1188.6 0.13 0.2 0.238537 0 -1.51306 -1.78561
2002 stock 0 0 2525.05 3078.37 -553.32 0.15 0.2 0.25 0 -0.718978 -0.681612
2003 stock 0 0 3347.08 2898.01 449.068 0.16 0.2 0.256125 0 0.605008 0.697562
2004 stock 0 0 2075.92 2712.99 -637.072 0.17 0.2 0.262488 0 -0.894605 -0.907818
2005 stock 0 0 2305.08 2542.04 -236.96 0.18 0.2 0.269072 0 -0.346436 -0.237918
2006 stock 0 0 1974.21 2594.24 -620.027 0.19 0.2 0.275862 0 -0.86638 -0.873097
2007 stock 0 0 3227.71 2629.06 598.652 0.12 0.2 0.233238 0 0.976282 1.00642
2008 stock 0 0 2838.67 2634.6 204.068 0.13 0.2 0.238537 0 0.324715 0.434753
2009 stock 0 0 2154.73 2562.33 -407.604 0.21 0.2 0.29 0 -0.548535 -0.467608
2010 stock 0 0 2047.49 2521.79 -474.299 0.25 0.2 0.320156 0 -0.587465 -0.510803
2011 stock 0 0 2462.51 2436.47 26.0423 0.15 0.2 0.25 0 0.0427541 0.16629
2012 stock 0 0 2868.45 2373.48 494.972 0.15 0.2 0.25 0 0.834172 0.892402
*end

*observation[chatTANage]
observation_type: proportions_at_age
likelihood: multinomial
Values {dataframe}
year category age length observed expected residual error_value process_error adjusted_error neglogLike pearsons_residuals
1990 stock 3 0 7 0.0518573 6.94814 159 0 0 0 0
1990 stock 4 0 9 0.072346 8.92765 159 0 0 0 0
1990 stock 5 0 8 0.0680049 7.932 159 0 0 0 0
1990 stock 6 0 10 0.0755425 9.92446 159 0 0 0 0
1990 stock 7 0 27 0.120789 26.8792 159 0 0 0 0
1990 stock 8 0 25 0.120977 24.879 159 0 0 0 0
1990 stock 9 0 20 0.106184 19.8938 159 0 0 0 0
1990 stock 10 0 16 0.089655 15.9103 159 0 0 0 0
1990 stock 11 0 13 0.0735301 12.9265 159 0 0 0 0
1990 stock 12 0 3 0.0590179 2.94098 159 0 0 0 0
1990 stock 13 0 8 0.0463705 7.95363 159 0 0 0 0
1990 stock 14 0 7 0.0351961 6.9648 159 0 0 0 0
1990 stock 15 0 2 0.0250774 1.97492 159 0 0 0 0
1990 stock 16 0 0 0.0165942 -0.0165942 159 0 0 0 -0
1990 stock 17 0 0 0.0108368 -0.0108368 159 0 0 0 -0
1990 stock 18 0 0 0.00752362 -0.00752362 159 0 0 0 -0
1990 stock 19 0 4 0.0204978 3.9795 159 0 0 0 0
1992 stock 3 0 11 0.0690185 10.931 177 0 0 0 0
1992 stock 4 0 13 0.0829375 12.9171 177 0 0 0 0
1992 stock 5 0 14 0.0679227 13.9321 177 0 0 0 0
1992 stock 6 0 11 0.0803508 10.9196 177 0 0 0 0
1992 stock 7 0 12 0.073011 11.927 177 0 0 0 0
1992 stock 8 0 15 0.0763997 14.9236 177 0 0 0 0
1992 stock 9 0 20 0.100214 19.8998 177 0 0 0 0
1992 stock 10 0 21 0.0973962 20.9026 177 0 0 0 0
1992 stock 11 0 13 0.0812692 12.9187 177 0 0 0 0
1992 stock 12 0 7 0.0664278 6.93357 177 0 0 0 0
1992 stock 13 0 15 0.0533461 14.9467 177 0 0 0 0
1992 stock 14 0 10 0.0420267 9.95797 177 0 0 0 0
1992 stock 15 0 6 0.0323906 5.96761 177 0 0 0 0
1992 stock 16 0 4 0.02413 3.97587 177 0 0 0 0
1992 stock 17 0 0 0.0170237 -0.0170237 177 0 0 0 -0
1992 stock 18 0 0 0.0112938 -0.0112938 177 0 0 0 -0
1992 stock 19 0 5 0.0248413 4.97516 177 0 0 0 0
1993 stock 3 0 16 0.106015 15.894 118 0 0 0 0
1993 stock 4 0 8 0.0778858 7.92211 118 0 0 0 0
1993 stock 5 0 7 0.0864436 6.91356 118 0 0 0 0
1993 stock 6 0 11 0.0710308 10.929 118 0 0 0 0
1993 stock 7 0 9 0.0767174 8.92328 118 0 0 0 0
1993 stock 8 0 11 0.0681743 10.9318 118 0 0 0 0
1993 stock 9 0 13 0.0680646 12.9319 118 0 0 0 0
1993 stock 10 0 7 0.0826655 6.91733 118 0 0 0 0
1993 stock 11 0 10 0.0800463 9.91995 118 0 0 0 0
1993 stock 12 0 5 0.0664998 4.9335 118 0 0 0 0
1993 stock 13 0 9 0.0538783 8.94612 118 0 0 0 0
1993 stock 14 0 1 0.0429312 0.957069 118 0 0 0 0
1993 stock 15 0 1 0.0335765 0.966424 118 0 0 0 0
1993 stock 16 0 3 0.0256867 2.97431 118 0 0 0 0
1993 stock 17 0 0 0.0190092 -0.0190092 118 0 0 0 -0
1993 stock 18 0 2 0.013371 1.98663 118 0 0 0 0
1993 stock 19 0 5 0.0280042 4.972 118 0 0 0 0
1994 stock 3 0 24 0.155777 23.8442 147 0 0 0 0
1994 stock 4 0 12 0.109909 11.8901 147 0 0 0 0
1994 stock 5 0 13 0.0797896 12.9202 147 0 0 0 0
1994 stock 6 0 14 0.0812383 13.9188 147 0 0 0 0
1994 stock 7 0 9 0.0660938 8.93391 147 0 0 0 0
1994 stock 8 0 7 0.0650858 6.93491 147 0 0 0 0
1994 stock 9 0 12 0.056385 11.9436 147 0 0 0 0
1994 stock 10 0 10 0.0541095 9.94589 147 0 0 0 0
1994 stock 11 0 9 0.0621475 8.93785 147 0 0 0 0
1994 stock 12 0 4 0.0600738 3.93993 147 0 0 0 0
1994 stock 13 0 6 0.0499465 5.95005 147 0 0 0 0
1994 stock 14 0 6 0.040195 5.9598 147 0 0 0 0
1994 stock 15 0 5 0.0318318 4.96817 147 0 0 0 0
1994 stock 16 0 3 0.0247563 2.97524 147 0 0 0 0
1994 stock 17 0 4 0.0188336 3.98117 147 0 0 0 0
1994 stock 18 0 3 0.0138695 2.98613 147 0 0 0 0
1994 stock 19 0 6 0.0299578 5.97004 147 0 0 0 0
1995 stock 3 0 12 0.123607 11.8764 128 0 0 0 0
1995 stock 4 0 17 0.162383 16.8376 128 0 0 0 0
1995 stock 5 0 17 0.112199 16.8878 128 0 0 0 0
1995 stock 6 0 13 0.0796174 12.9204 128 0 0 0 0
1995 stock 7 0 12 0.0738878 11.9261 128 0 0 0 0
1995 stock 8 0 11 0.0588104 10.9412 128 0 0 0 0
1995 stock 9 0 4 0.0532085 3.94679 128 0 0 0 0
1995 stock 10 0 6 0.0452738 5.95473 128 0 0 0 0
1995 stock 11 0 9 0.0425261 8.95747 128 0 0 0 0
1995 stock 12 0 6 0.0468898 5.95311 128 0 0 0 0
1995 stock 13 0 5 0.0452015 4.9548 128 0 0 0 0
1995 stock 14 0 3 0.037726 2.96227 128 0 0 0 0
1995 stock 15 0 5 0.0302219 4.96978 128 0 0 0 0
1995 stock 16 0 3 0.0238171 2.97618 128 0 0 0 0
1995 stock 17 0 2 0.0184389 1.98156 128 0 0 0 0
1995 stock 18 0 1 0.0139609 0.986039 128 0 0 0 0
1995 stock 19 0 2 0.032231 1.96777 128 0 0 0 0
1996 stock 3 0 29 0.106596 28.8934 208 0 0 0 0
1996 stock 4 0 24 0.133766 23.8662 208 0 0 0 0
1996 stock 5 0 39 0.161169 38.8388 208 0 0 0 0
1996 stock 6 0 27 0.110835 26.8892 208 0 0 0 0
1996 stock 7 0 10 0.0755694 9.92443 208 0 0 0 0
1996 stock 8 0 15 0.064091 14.9359 208 0 0 0 0
1996 stock 9 0 9 0.0497096 8.95029 208 0 0 0 0
1996 stock 10 0 7 0.042157 6.95784 208 0 0 0 0
1996 stock 11 0 7 0.0357293 6.96427 208 0 0 0 0
1996 stock 12 0 5 0.0332598 4.96674 208 0 0 0 0
1996 stock 13 0 6 0.0354867 5.96451 208 0 0 0 0
1996 stock 14 0 5 0.0340789 4.96592 208 0 0 0 0
1996 stock 15 0 5 0.0286038 4.9714 208 0 0 0 0
1996 stock 16 0 6 0.0228554 5.97714 208 0 0 0 0
1996 stock 17 0 5 0.0179386 4.98206 208 0 0 0 0
1996 stock 18 0 3 0.0138295 2.98617 208 0 0 0 0
1996 stock 19 0 6 0.034325 5.96567 208 0 0 0 0
1997 stock 3 0 15 0.0980523 14.9019 213 0 0 0 0
1997 stock 4 0 21 0.114956 20.885 213 0 0 0 0
1997 stock 5 0 26 0.137193 25.8628 213 0 0 0 0
1997 stock 6 0 29 0.15328 28.8467 213 0 0 0 0
1997 stock 7 0 23 0.105027 22.895 213 0 0 0 0
1997 stock 8 0 14 0.0683079 13.9317 213 0 0 0 0
1997 stock 9 0 9 0.0535053 8.94649 213 0 0 0 0
1997 stock 10 0 13 0.0407202 12.9593 213 0 0 0 0
1997 stock 11 0 12 0.0332561 11.9667 213 0 0 0 0
1997 stock 12 0 6 0.0282069 5.97179 213 0 0 0 0
1997 stock 13 0 9 0.0260832 8.97392 213 0 0 0 0
1997 stock 14 0 11 0.0270342 10.973 213 0 0 0 0
1997 stock 15 0 7 0.0258074 6.97419 213 0 0 0 0
1997 stock 16 0 8 0.0217652 7.97823 213 0 0 0 0
1997 stock 17 0 0 0.0173504 -0.0173504 213 0 0 0 -0
1997 stock 18 0 3 0.0135501 2.98645 213 0 0 0 0
1997 stock 19 0 7 0.0359055 6.96409 213 0 0 0 0
1998 stock 3 0 9 0.0839495 8.91605 192 0 0 0 0
1998 stock 4 0 23 0.106578 22.8934 192 0 0 0 0
1998 stock 5 0 21 0.119268 20.8807 192 0 0 0 0
1998 stock 6 0 29 0.135961 28.864 192 0 0 0 0
1998 stock 7 0 30 0.141688 29.8583 192 0 0 0 0
1998 stock 8 0 18 0.0965079 17.9035 192 0 0 0 0
1998 stock 9 0 8 0.0600437 7.93996 192 0 0 0 0
1998 stock 10 0 11 0.0442228 10.9558 192 0 0 0 0
1998 stock 11 0 6 0.0333864 5.96661 192 0 0 0 0
1998 stock 12 0 4 0.0267302 3.97327 192 0 0 0 0
1998 stock 13 0 3 0.0226325 2.97737 192 0 0 0 0
1998 stock 14 0 5 0.0207684 4.97923 192 0 0 0 0
1998 stock 15 0 3 0.0209556 2.97904 192 0 0 0 0
1998 stock 16 0 4 0.0198362 3.98016 192 0 0 0 0
1998 stock 17 0 5 0.0167757 4.98322 192 0 0 0 0
1998 stock 18 0 4 0.0133352 3.98666 192 0 0 0 0
1998 stock 19 0 9 0.037361 8.96264 192 0 0 0 0
1999 stock 3 0 8 0.061333 7.93867 173 0 0 0 0
1999 stock 4 0 12 0.096385 11.9036 173 0 0 0 0
1999 stock 5 0 23 0.115417 22.8846 173 0 0 0 0
1999 stock 6 0 20 0.123547 19.8765 173 0 0 0 0
1999 stock 7 0 15 0.132636 14.8674 173 0 0 0 0
1999 stock 8 0 28 0.128303 27.8717 173 0 0 0 0
1999 stock 9 0 16 0.0859594 15.914 173 0 0 0 0
1999 stock 10 0 12 0.0514029 11.9486 173 0 0 0 0
1999 stock 11 0 5 0.0362251 4.96377 173 0 0 0 0
1999 stock 12 0 7 0.0272171 6.97278 173 0 0 0 0
1999 stock 13 0 6 0.0215616 5.97844 173 0 0 0 0
1999 stock 14 0 3 0.0182396 2.98176 173 0 0 0 0
1999 stock 15 0 2 0.0166836 1.98332 173 0 0 0 0
1999 stock 16 0 2 0.0165099 1.98349 173 0 0 0 0
1999 stock 17 0 3 0.0155408 2.98446 173 0 0 0 0
1999 stock 18 0 1 0.0132162 0.986784 173 0 0 0 0
1999 stock 19 0 10 0.0398232 9.96018 173 0 0 0 0
2000 stock 3 0 28 0.0913578 27.9086 311 0 0 0 0
2000 stock 4 0 25 0.0959157 24.9041 311 0 0 0 0
2000 stock 5 0 38 0.126431 37.8736 311 0 0 0 0
2000 stock 6 0 50 0.13154 49.8685 311 0 0 0 0
2000 stock 7 0 34 0.122513 33.8775 311 0 0 0 0
2000 stock 8 0 35 0.11392 34.8861 311 0 0 0 0
2000 stock 9 0 28 0.0981893 27.9018 311 0 0 0 0
2000 stock 10 0 15 0.0633577 14.9366 311 0 0 0 0
2000 stock 11 0 17 0.0363342 16.9637 311 0 0 0 0
2000 stock 12 0 9 0.0242466 8.97575 311 0 0 0 0
2000 stock 13 0 6 0.0176361 5.98236 311 0 0 0 0
2000 stock 14 0 3 0.0134899 2.98651 311 0 0 0 0
2000 stock 15 0 3 0.01105 2.98895 311 0 0 0 0
2000 stock 16 0 5 0.0097533 4.99025 311 0 0 0 0
2000 stock 17 0 4 0.00922774 3.99077 311 0 0 0 0
2000 stock 18 0 4 0.00843534 3.99156 311 0 0 0 0
2000 stock 19 0 7 0.0266019 6.9734 311 0 0 0 0
2001 stock 3 0 19 0.0770743 18.9229 233 0 0 0 0
2001 stock 4 0 15 0.0980397 14.902 233 0 0 0 0
2001 stock 5 0 15 0.100038 14.9 233 0 0 0 0
2001 stock 6 0 38 0.122679 37.8773 233 0 0 0 0
2001 stock 7 0 44 0.122692 43.8773 233 0 0 0 0
2001 stock 8 0 20 0.110536 19.8895 233 0 0 0 0
2001 stock 9 0 31 0.0996637 30.9003 233 0 0 0 0
2001 stock 10 0 14 0.0835564 13.9164 233 0 0 0 0
2001 stock 11 0 14 0.0546591 13.9453 233 0 0 0 0
2001 stock 12 0 6 0.0315733 5.96843 233 0 0 0 0
2001 stock 13 0 4 0.0206354 3.97936 233 0 0 0 0
2001 stock 14 0 2 0.0148631 1.98514 233 0 0 0 0
2001 stock 15 0 4 0.0112948 3.98871 233 0 0 0 0
2001 stock 16 0 1 0.00918816 0.990812 233 0 0 0 0
2001 stock 17 0 0 0.00804382 -0.00804382 233 0 0 0 -0
2001 stock 18 0 0 0.00747052 -0.00747052 233 0 0 0 -0
2001 stock 19 0 6 0.0279928 5.97201 233 0 0 0 0
2002 stock 3 0 36 0.119766 35.8802 241 0 0 0 0
2002 stock 4 0 21 0.0807246 20.9193 241 0 0 0 0
2002 stock 5 0 24 0.0952245 23.9048 241 0 0 0 0
2002 stock 6 0 17 0.0953623 16.9046 241 0 0 0 0
2002 stock 7 0 29 0.10906 28.8909 241 0 0 0 0
2002 stock 8 0 24 0.10595 23.8941 241 0 0 0 0
2002 stock 9 0 16 0.0938431 15.9062 241 0 0 0 0
2002 stock 10 0 19 0.082796 18.9172 241 0 0 0 0
2002 stock 11 0 17 0.0679867 16.932 241 0 0 0 0
2002 stock 12 0 15 0.0450218 14.955 241 0 0 0 0
2002 stock 13 0 5 0.0262615 4.97374 241 0 0 0 0
2002 stock 14 0 5 0.0168235 4.98318 241 0 0 0 0
2002 stock 15 0 3 0.0119459 2.98805 241 0 0 0 0
2002 stock 16 0 1 0.00899814 0.991002 241 0 0 0 0
2002 stock 17 0 0 0.00724451 -0.00724451 241 0 0 0 -0
2002 stock 18 0 0 0.00626571 -0.00626571 241 0 0 0 -0
2002 stock 19 0 9 0.0267251 8.97327 241 0 0 0 0
2003 stock 3 0 13 0.0915301 12.9085 103 0 0 0 0
2003 stock 4 0 14 0.123336 13.8767 103 0 0 0 0
2003 stock 5 0 13 0.0842256 12.9158 103 0 0 0 0
2003 stock 6 0 8 0.091256 7.90874 103 0 0 0 0
2003 stock 7 0 6 0.0894001 5.9106 103 0 0 0 0
2003 stock 8 0 9 0.0964893 8.90351 103 0 0 0 0
2003 stock 9 0 6 0.0924346 5.90757 103 0 0 0 0
2003 stock 10 0 11 0.0810821 10.9189 103 0 0 0 0
2003 stock 11 0 4 0.0702942 3.92971 103 0 0 0 0
2003 stock 12 0 7 0.0567755 6.94322 103 0 0 0 0
2003 stock 13 0 1 0.0379936 0.962006 103 0 0 0 0
2003 stock 14 0 1 0.022415 0.977585 103 0 0 0 0
2003 stock 15 0 0 0.0141135 -0.0141135 103 0 0 0 -0
2003 stock 16 0 2 0.00985843 1.99014 103 0 0 0 0
2003 stock 17 0 2 0.00735237 1.99265 103 0 0 0 0
2003 stock 18 0 0 0.00585013 -0.00585013 103 0 0 0 -0
2003 stock 19 0 6 0.0255929 5.97441 103 0 0 0 0
2004 stock 3 0 21 0.139284 20.8607 161 0 0 0 0
2004 stock 4 0 15 0.095625 14.9044 161 0 0 0 0
2004 stock 5 0 23 0.116152 22.8838 161 0 0 0 0
2004 stock 6 0 14 0.080987 13.919 161 0 0 0 0
2004 stock 7 0 10 0.079706 9.92029 161 0 0 0 0
2004 stock 8 0 11 0.0761712 10.9238 161 0 0 0 0
2004 stock 9 0 14 0.0785213 13.9215 161 0 0 0 0
2004 stock 10 0 9 0.0742139 8.92579 161 0 0 0 0
2004 stock 11 0 12 0.0645585 11.9354 161 0 0 0 0
2004 stock 12 0 9 0.0551696 8.94483 161 0 0 0 0
2004 stock 13 0 7 0.0440177 6.95598 161 0 0 0 0
2004 stock 14 0 8 0.0297773 7.97022 161 0 0 0 0
2004 stock 15 0 2 0.0178373 1.98216 161 0 0 0 0
2004 stock 16 0 0 0.0111231 -0.0111231 161 0 0 0 -0
2004 stock 17 0 0 0.00766951 -0.00766951 161 0 0 0 -0
2004 stock 18 0 3 0.00567945 2.99432 161 0 0 0 0
2004 stock 19 0 3 0.0235075 2.97649 161 0 0 0 0
2005 stock 3 0 59 0.322631 58.6774 163 0 0 0 0
2005 stock 4 0 10 0.112287 9.88771 163 0 0 0 0
2005 stock 5 0 11 0.0741403 10.9259 163 0 0 0 0
2005 stock 6 0 10 0.0801738 9.91983 163 0 0 0 0
2005 stock 7 0 9 0.0567403 8.94326 163 0 0 0 0
2005 stock 8 0 12 0.0514594 11.9485 163 0 0 0 0
2005 stock 9 0 10 0.0487044 9.9513 163 0 0 0 0
2005 stock 10 0 9 0.0487774 8.95122 163 0 0 0 0
2005 stock 11 0 6 0.0458345 5.95417 163 0 0 0 0
2005 stock 12 0 6 0.0398542 5.96015 163 0 0 0 0
2005 stock 13 0 4 0.0338021 3.9662 163 0 0 0 0
2005 stock 14 0 4 0.0267977 3.9732 163 0 0 0 0
2005 stock 15 0 8 0.0183556 7.98164 163 0 0 0 0
2005 stock 16 0 0 0.0111973 -0.0111973 163 0 0 0 -0
2005 stock 17 0 3 0.00696232 2.99304 163 0 0 0 0
2005 stock 18 0 1 0.00474883 0.995251 163 0 0 0 0
2005 stock 19 0 1 0.0175337 0.982466 163 0 0 0 0
2006 stock 3 0 40 0.188303 39.8117 202 0 0 0 0
2006 stock 4 0 52 0.279534 51.7205 202 0 0 0 0
2006 stock 5 0 23 0.10402 22.896 202 0 0 0 0
2006 stock 6 0 12 0.0641026 11.9359 202 0 0 0 0
2006 stock 7 0 7 0.0624235 6.93758 202 0 0 0 0
2006 stock 8 0 10 0.0450732 9.95493 202 0 0 0 0
2006 stock 9 0 12 0.0388092 11.9612 202 0 0 0 0
2006 stock 10 0 7 0.036509 6.96349 202 0 0 0 0
2006 stock 11 0 11 0.0357092 10.9643 202 0 0 0 0
2006 stock 12 0 3 0.033229 2.96677 202 0 0 0 0
2006 stock 13 0 7 0.0287204 6.97128 202 0 0 0 0
2006 stock 14 0 7 0.0240291 6.97597 202 0 0 0 0
2006 stock 15 0 3 0.0188263 2.98117 202 0 0 0 0
2006 stock 16 0 3 0.0129524 2.98705 202 0 0 0 0
2006 stock 17 0 1 0.00797936 0.992021 202 0 0 0 0
2006 stock 18 0 1 0.00491803 0.995082 202 0 0 0 0
2006 stock 19 0 3 0.0148618 2.98514 202 0 0 0 0
2007 stock 3 0 33 0.149243 32.8508 213 0 0 0 0
2007 stock 4 0 43 0.181826 42.8182 213 0 0 0 0
2007 stock 5 0 43 0.24033 42.7597 213 0 0 0 0
2007 stock 6 0 23 0.0984763 22.9015 213 0 0 0 0
2007 stock 7 0 8 0.0550113 7.94499 213 0 0 0 0
2007 stock 8 0 16 0.0488041 15.9512 213 0 0 0 0
2007 stock 9 0 6 0.0359824 5.96402 213 0 0 0 0
2007 stock 10 0 4 0.0298738 3.97013 213 0 0 0 0
2007 stock 11 0 9 0.0278172 8.97218 213 0 0 0 0
2007 stock 12 0 7 0.0266793 6.97332 213 0 0 0 0
2007 stock 13 0 6 0.0245875 5.97541 213 0 0 0 0
2007 stock 14 0 4 0.0211502 3.97885 213 0 0 0 0
2007 stock 15 0 2 0.0175001 1.9825 213 0 0 0 0
2007 stock 16 0 2 0.0135841 1.98642 213 0 0 0 0
2007 stock 17 0 1 0.00938805 0.990612 213 0 0 0 0
2007 stock 18 0 1 0.00584431 0.994156 213 0 0 0 0
2007 stock 19 0 5 0.0139028 4.9861 213 0 0 0 0
2008 stock 3 0 11 0.0738883 10.9261 171 0 0 0 0
2008 stock 4 0 29 0.154036 28.846 171 0 0 0 0
2008 stock 5 0 26 0.182923 25.8171 171 0 0 0 0
2008 stock 6 0 31 0.217665 30.7823 171 0 0 0 0
2008 stock 7 0 18 0.0973473 17.9027 171 0 0 0 0
2008 stock 8 0 13 0.0495746 12.9504 171 0 0 0 0
2008 stock 9 0 3 0.0409611 2.95904 171 0 0 0 0
2008 stock 10 0 10 0.0306889 9.96931 171 0 0 0 0
2008 stock 11 0 4 0.0248497 3.97515 171 0 0 0 0
2008 stock 12 0 8 0.0228323 7.97717 171 0 0 0 0
2008 stock 13 0 5 0.0215446 4.97846 171 0 0 0 0
2008 stock 14 0 2 0.0196673 1.98033 171 0 0 0 0
2008 stock 15 0 5 0.0168483 4.98315 171 0 0 0 0
2008 stock 16 0 2 0.0138134 1.98619 171 0 0 0 0
2008 stock 17 0 1 0.0106421 0.989358 171 0 0 0 0
2008 stock 18 0 1 0.00738436 0.992616 171 0 0 0 0
2008 stock 19 0 2 0.015334 1.98467 171 0 0 0 0
2009 stock 3 0 30 0.11597 29.884 273 0 0 0 0
2009 stock 4 0 27 0.0788959 26.9211 273 0 0 0 0
2009 stock 5 0 50 0.145291 49.8547 273 0 0 0 0
2009 stock 6 0 31 0.169203 30.8308 273 0 0 0 0
2009 stock 7 0 42 0.182878 41.8171 273 0 0 0 0
2009 stock 8 0 22 0.0881882 21.9118 273 0 0 0 0
2009 stock 9 0 12 0.0422399 11.9578 273 0 0 0 0
2009 stock 10 0 8 0.0329973 7.967 273 0 0 0 0
2009 stock 11 0 7 0.0250124 6.97499 273 0 0 0 0
2009 stock 12 0 11 0.0199774 10.98 273 0 0 0 0
2009 stock 13 0 6 0.018097 5.9819 273 0 0 0 0
2009 stock 14 0 8 0.016861 7.98314 273 0 0 0 0
2009 stock 15 0 6 0.0152659 5.98473 273 0 0 0 0
2009 stock 16 0 2 0.0130375 1.98696 273 0 0 0 0
2009 stock 17 0 6 0.0106153 5.98938 273 0 0 0 0
2009 stock 18 0 0 0.00813083 -0.00813083 273 0 0 0 -0
2009 stock 19 0 5 0.0173391 4.98266 273 0 0 0 0
2010 stock 3 0 11 0.107207 10.8928 161 0 0 0 0
2010 stock 4 0 22 0.115095 21.8849 161 0 0 0 0
2010 stock 5 0 11 0.0819894 10.918 161 0 0 0 0
2010 stock 6 0 24 0.132989 23.867 161 0 0 0 0
2010 stock 7 0 22 0.152265 21.8477 161 0 0 0 0
2010 stock 8 0 24 0.152521 23.8475 161 0 0 0 0
2010 stock 9 0 14 0.0788899 13.9211 161 0 0 0 0
2010 stock 10 0 5 0.0368627 4.96314 161 0 0 0 0
2010 stock 11 0 3 0.0273173 2.97268 161 0 0 0 0
2010 stock 12 0 4 0.0207808 3.97922 161 0 0 0 0
2010 stock 13 0 3 0.0164154 2.98358 161 0 0 0 0
2010 stock 14 0 4 0.0145813 3.98542 161 0 0 0 0
2010 stock 15 0 4 0.0133754 3.98662 161 0 0 0 0
2010 stock 16 0 0 0.0119661 -0.0119661 161 0 0 0 -0
2010 stock 17 0 4 0.010147 3.98985 161 0 0 0 0
2010 stock 18 0 2 0.00818411 1.99182 161 0 0 0 0
2010 stock 19 0 4 0.0194127 3.98059 161 0 0 0 0
2011 stock 3 0 18 0.102222 17.8978 133 0 0 0 0
2011 stock 4 0 10 0.110443 9.88956 133 0 0 0 0
2011 stock 5 0 15 0.110628 14.8894 133 0 0 0 0
2011 stock 6 0 6 0.0822248 5.91778 133 0 0 0 0
2011 stock 7 0 20 0.117785 19.8822 133 0 0 0 0
2011 stock 8 0 22 0.133106 21.8669 133 0 0 0 0
2011 stock 9 0 17 0.126635 16.8734 133 0 0 0 0
2011 stock 10 0 5 0.0695065 4.93049 133 0 0 0 0
2011 stock 11 0 2 0.0324303 1.96757 133 0 0 0 0
2011 stock 12 0 3 0.0227895 2.97721 133 0 0 0 0
2011 stock 13 0 2 0.0172999 1.9827 133 0 0 0 0
2011 stock 14 0 3 0.0135728 2.98643 133 0 0 0 0
2011 stock 15 0 1 0.0118271 0.988173 133 0 0 0 0
2011 stock 16 0 3 0.0106935 2.98931 133 0 0 0 0
2011 stock 17 0 0 0.00946165 -0.00946165 133 0 0 0 -0
2011 stock 18 0 2 0.00796906 1.99203 133 0 0 0 0
2011 stock 19 0 4 0.0214062 3.97859 133 0 0 0 0
2012 stock 3 0 17 0.120542 16.8795 131 0 0 0 0
2012 stock 4 0 16 0.103692 15.8963 131 0 0 0 0
2012 stock 5 0 13 0.106559 12.8934 131 0 0 0 0
2012 stock 6 0 9 0.100853 8.89915 131 0 0 0 0
2012 stock 7 0 10 0.0770356 9.92296 131 0 0 0 0
2012 stock 8 0 10 0.0994916 9.90051 131 0 0 0 0
2012 stock 9 0 19 0.111715 18.8883 131 0 0 0 0
2012 stock 10 0 14 0.10241 13.8976 131 0 0 0 0
2012 stock 11 0 10 0.058989 9.94101 131 0 0 0 0
2012 stock 12 0 2 0.0279281 1.97207 131 0 0 0 0
2012 stock 13 0 2 0.0186044 1.9814 131 0 0 0 0
2012 stock 14 0 2 0.0140033 1.986 131 0 0 0 0
2012 stock 15 0 2 0.0109242 1.98908 131 0 0 0 0
2012 stock 16 0 2 0.00933996 1.99066 131 0 0 0 0
2012 stock 17 0 0 0.00832164 -0.00832164 131 0 0 0 -0
2012 stock 18 0 0 0.00728186 -0.00728186 131 0 0 0 -0
2012 stock 19 0 3 0.0223114 2.97769 131 0 0 0 0
*end

*observation[chatOBSwst]
observation_type: process_removals_by_age
likelihood: multinomial
Values {dataframe}
year category age length observed expected residual error_value process_error adjusted_error neglogLike pearsons_residuals
1992 stock 3 0 4 0.0778557 3.92214 27 0 0 0 0
1992 stock 4 0 5 0.111233 4.88877 27 0 0 0 0
1992 stock 5 0 2 0.0966672 1.90333 27 0 0 0 0
1992 stock 6 0 4 0.109967 3.89003 27 0 0 0 0
1992 stock 7 0 2 0.0899551 1.91004 27 0 0 0 0
1992 stock 8 0 2 0.0829736 1.91703 27 0 0 0 0
1992 stock 9 0 2 0.100082 1.89992 27 0 0 0 0
1992 stock 10 0 3 0.0913187 2.90868 27 0 0 0 0
1992 stock 11 0 0 0.0705535 -0.0705535 27 0 0 0 -0
1992 stock 12 0 1 0.0529014 0.947099 27 0 0 0 0
1992 stock 13 0 0 0.0386286 -0.0386286 27 0 0 0 -0
1992 stock 14 0 1 0.0274388 0.972561 27 0 0 0 0
1992 stock 15 0 0 0.0189398 -0.0189398 27 0 0 0 -0
1992 stock 16 0 0 0.0125988 -0.0125988 27 0 0 0 -0
1992 stock 17 0 1 0.00792821 0.992072 27 0 0 0 0
1992 stock 18 0 0 0.00465078 -0.00465078 27 0 0 0 -0
1992 stock 19 0 0 0.00630824 -0.00630824 27 0 0 0 -0
1994 stock 3 0 1 0.168697 0.831303 9 0 0 0 0
1994 stock 4 0 1 0.142064 0.857936 9 0 0 0 0
1994 stock 5 0 0 0.10996 -0.10996 9 0 0 0 -0
1994 stock 6 0 3 0.108463 2.89154 9 0 0 0 0
1994 stock 7 0 2 0.0795432 1.92046 9 0 0 0 0
1994 stock 8 0 0 0.0706015 -0.0706015 9 0 0 0 -0
1994 stock 9 0 0 0.0565071 -0.0565071 9 0 0 0 -0
1994 stock 10 0 0 0.0495732 -0.0495732 9 0 0 0 -0
1994 stock 11 0 0 0.0527421 -0.0527421 9 0 0 0 -0
1994 stock 12 0 1 0.0473858 0.952614 9 0 0 0 0
1994 stock 13 0 1 0.0358837 0.964116 9 0 0 0 0
1994 stock 14 0 0 0.0259609 -0.0259609 9 0 0 0 -0
1994 stock 15 0 0 0.0183232 -0.0183232 9 0 0 0 -0
1994 stock 16 0 0 0.0126035 -0.0126035 9 0 0 0 -0
1994 stock 17 0 0 0.00843427 -0.00843427 9 0 0 0 -0
1994 stock 18 0 0 0.00545396 -0.00545396 9 0 0 0 -0
1994 stock 19 0 0 0.00780291 -0.00780291 9 0 0 0 -0
1995 stock 3 0 1 0.12992 0.87008 11 0 0 0 0
1995 stock 4 0 4 0.202863 3.79714 11 0 0 0 0
1995 stock 5 0 2 0.149515 1.85048 11 0 0 0 0
1995 stock 6 0 1 0.102351 0.897649 11 0 0 0 0
1995 stock 7 0 1 0.0862148 0.913785 11 0 0 0 0
1995 stock 8 0 1 0.0621877 0.937812 11 0 0 0 0
1995 stock 9 0 0 0.0515739 -0.0515739 11 0 0 0 -0
1995 stock 10 0 1 0.0408605 0.95914 11 0 0 0 0
1995 stock 11 0 0 0.0348632 -0.0348632 11 0 0 0 -0
1995 stock 12 0 0 0.0351702 -0.0351702 11 0 0 0 -0
1995 stock 13 0 0 0.0312256 -0.0312256 11 0 0 0 -0
1995 stock 14 0 0 0.0235464 -0.0235464 11 0 0 0 -0
1995 stock 15 0 0 0.0167931 -0.0167931 11 0 0 0 -0
1995 stock 16 0 0 0.0116831 -0.0116831 11 0 0 0 -0
1995 stock 17 0 0 0.00793033 -0.00793033 11 0 0 0 -0
1995 stock 18 0 0 0.00524044 -0.00524044 11 0 0 0 -0
1995 stock 19 0 0 0.00806174 -0.00806174 11 0 0 0 -0
1996 stock 3 0 0 0.108258 -0.108258 11 0 0 0 -0
1996 stock 4 0 5 0.162984 4.83702 11 0 0 0 0
1996 stock 5 0 1 0.209534 0.790466 11 0 0 0 0
1996 stock 6 0 2 0.139888 1.86011 11 0 0 0 0
1996 stock 7 0 1 0.0862227 0.913777 11 0 0 0 0
1996 stock 8 0 1 0.0659092 0.934091 11 0 0 0 0
1996 stock 9 0 0 0.0471041 -0.0471041 11 0 0 0 -0
1996 stock 10 0 0 0.0369349 -0.0369349 11 0 0 0 -0
1996 stock 11 0 0 0.0289054 -0.0289054 11 0 0 0 -0
1996 stock 12 0 0 0.02409 -0.02409 11 0 0 0 -0
1996 stock 13 0 1 0.0232023 0.976798 11 0 0 0 0
1996 stock 14 0 0 0.0203299 -0.0203299 11 0 0 0 -0
1996 stock 15 0 0 0.0153062 -0.0153062 11 0 0 0 -0
1996 stock 16 0 0 0.0107936 -0.0107936 11 0 0 0 -0
1996 stock 17 0 0 0.00741435 -0.00741435 11 0 0 0 -0
1996 stock 18 0 0 0.00497268 -0.00497268 11 0 0 0 -0
1996 stock 19 0 0 0.0081507 -0.0081507 11 0 0 0 -0
1997 stock 3 0 0 0.0984891 -0.0984891 7 0 0 0 -0
1997 stock 4 0 0 0.138444 -0.138444 7 0 0 0 -0
1997 stock 5 0 1 0.17602 0.82398 7 0 0 0 0
1997 stock 6 0 0 0.190633 -0.190633 7 0 0 0 -0
1997 stock 7 0 4 0.119404 3.8806 7 0 0 0 0
1997 stock 8 0 0 0.0696301 -0.0696301 7 0 0 0 -0
1997 stock 9 0 0 0.049789 -0.049789 7 0 0 0 -0
1997 stock 10 0 1 0.0351785 0.964821 7 0 0 0 0
1997 stock 11 0 0 0.0264156 -0.0264156 7 0 0 0 -0
1997 stock 12 0 0 0.0204153 -0.0204153 7 0 0 0 -0
1997 stock 13 0 0 0.0166994 -0.0166994 7 0 0 0 -0
1997 stock 14 0 0 0.0154474 -0.0154474 7 0 0 0 -0
1997 stock 15 0 0 0.0133475 -0.0133475 7 0 0 0 -0
1997 stock 16 0 1 0.010048 0.989952 7 0 0 0 0
1997 stock 17 0 0 0.00702695 -0.00702695 7 0 0 0 -0
1997 stock 18 0 0 0.00477208 -0.00477208 7 0 0 0 -0
1997 stock 19 0 0 0.00824067 -0.00824067 7 0 0 0 -0
1998 stock 3 0 5 0.085071 4.91493 55 0 0 0 0
1998 stock 4 0 9 0.12919 8.87081 55 0 0 0 0
1998 stock 5 0 9 0.153848 8.84615 55 0 0 0 0
1998 stock 6 0 6 0.167855 5.83215 55 0 0 0 0
1998 stock 7 0 6 0.159091 5.84091 55 0 0 0 0
1998 stock 8 0 7 0.0991184 6.90088 55 0 0 0 0
1998 stock 9 0 6 0.0560706 5.94393 55 0 0 0 0
1998 stock 10 0 2 0.0380378 1.96196 55 0 0 0 0
1998 stock 11 0 1 0.0265305 0.973469 55 0 0 0 0
1998 stock 12 0 1 0.0193039 0.980696 55 0 0 0 0
1998 stock 13 0 0 0.0147055 -0.0147055 55 0 0 0 -0
1998 stock 14 0 1 0.0118229 0.988177 55 0 0 0 0
1998 stock 15 0 0 0.0105403 -0.0105403 55 0 0 0 -0
1998 stock 16 0 1 0.0089644 0.991036 55 0 0 0 0
1998 stock 17 0 0 0.00674143 -0.00674143 55 0 0 0 -0
1998 stock 18 0 1 0.00468065 0.995319 55 0 0 0 0
1998 stock 19 0 0 0.00842892 -0.00842892 55 0 0 0 -0
1999 stock 3 0 4 0.0616944 3.93831 30 0 0 0 0
1999 stock 4 0 1 0.115911 0.884089 30 0 0 0 0
1999 stock 5 0 3 0.148104 2.8519 30 0 0 0 0
1999 stock 6 0 6 0.152849 5.84715 30 0 0 0 0
1999 stock 7 0 3 0.148602 2.8514 30 0 0 0 0
1999 stock 8 0 4 0.132104 3.8679 30 0 0 0 0
1999 stock 9 0 3 0.0829249 2.91708 30 0 0 0 0
1999 stock 10 0 5 0.0460385 4.95396 30 0 0 0 0
1999 stock 11 0 0 0.0299293 -0.0299293 30 0 0 0 -0
1999 stock 12 0 1 0.0205614 0.979439 30 0 0 0 0
1999 stock 13 0 0 0.0146033 -0.0146033 30 0 0 0 -0
1999 stock 14 0 0 0.0109314 -0.0109314 30 0 0 0 -0
1999 stock 15 0 0 0.00863187 -0.00863187 30 0 0 0 -0
1999 stock 16 0 0 0.00743175 -0.00743175 30 0 0 0 -0
1999 stock 17 0 0 0.00620749 -0.00620749 30 0 0 0 -0
1999 stock 18 0 0 0.00465336 -0.00465336 30 0 0 0 -0
1999 stock 19 0 0 0.00882113 -0.00882113 30 0 0 0 -0
2000 stock 3 0 0 0.0630903 -0.0630903 31 0 0 0 -0
2000 stock 4 0 4 0.0885382 3.91146 31 0 0 0 0
2000 stock 5 0 5 0.13702 4.86298 31 0 0 0 0
2000 stock 6 0 9 0.150781 8.84922 31 0 0 0 0
2000 stock 7 0 3 0.139387 2.86061 31 0 0 0 0
2000 stock 8 0 1 0.12744 0.87256 31 0 0 0 0
2000 stock 9 0 3 0.107605 2.89239 31 0 0 0 0
2000 stock 10 0 2 0.0674618 1.93254 31 0 0 0 0
2000 stock 11 0 2 0.0367761 1.96322 31 0 0 0 0
2000 stock 12 0 1 0.0229395 0.977061 31 0 0 0 0
2000 stock 13 0 0 0.0154605 -0.0154605 31 0 0 0 -0
2000 stock 14 0 0 0.0107797 -0.0107797 31 0 0 0 -0
2000 stock 15 0 0 0.00793988 -0.00793988 31 0 0 0 -0
2000 stock 16 0 0 0.0061828 -0.0061828 31 0 0 0 -0
2000 stock 17 0 0 0.00517933 -0.00517933 31 0 0 0 -0
2000 stock 18 0 0 0.00426044 -0.00426044 31 0 0 0 -0
2000 stock 19 0 1 0.00915677 0.990843 31 0 0 0 0
2001 stock 3 0 1 0.0536289 0.946371 32 0 0 0 0
2001 stock 4 0 1 0.0901687 0.909831 32 0 0 0 0
2001 stock 5 0 7 0.108677 6.89132 32 0 0 0 0
2001 stock 6 0 6 0.141044 5.85896 32 0 0 0 0
2001 stock 7 0 5 0.139647 4.86035 32 0 0 0 0
2001 stock 8 0 2 0.123496 1.8765 32 0 0 0 0
2001 stock 9 0 5 0.108408 4.89159 32 0 0 0 0
2001 stock 10 0 1 0.0879998 0.912 32 0 0 0 0
2001 stock 11 0 1 0.0553132 0.944687 32 0 0 0 0
2001 stock 12 0 0 0.0300054 -0.0300054 32 0 0 0 -0
2001 stock 13 0 1 0.0180905 0.981909 32 0 0 0 0
2001 stock 14 0 0 0.0119312 -0.0119312 32 0 0 0 -0
2001 stock 15 0 0 0.00817804 -0.00817804 32 0 0 0 -0
2001 stock 16 0 1 0.00591253 0.994087 32 0 0 0 0
2001 stock 17 0 0 0.00452625 -0.00452625 32 0 0 0 -0
2001 stock 18 0 0 0.00368837 -0.00368837 32 0 0 0 -0
2001 stock 19 0 1 0.00928596 0.990714 32 0 0 0 0
2002 stock 3 0 0 0.085233 -0.085233 23 0 0 0 -0
2002 stock 4 0 0 0.0766355 -0.0766355 23 0 0 0 -0
2002 stock 5 0 4 0.106011 3.89399 23 0 0 0 0
2002 stock 6 0 4 0.111888 3.88811 23 0 0 0 0
2002 stock 7 0 3 0.126524 2.87348 23 0 0 0 0
2002 stock 8 0 4 0.120484 3.87952 23 0 0 0 0
2002 stock 9 0 1 0.103684 0.896316 23 0 0 0 0
2002 stock 10 0 3 0.0879148 2.91209 23 0 0 0 0
2002 stock 11 0 1 0.069147 0.930853 23 0 0 0 0
2002 stock 12 0 2 0.0436362 1.95636 23 0 0 0 0
2002 stock 13 0 0 0.0237268 -0.0237268 23 0 0 0 -0
2002 stock 14 0 0 0.0138878 -0.0138878 23 0 0 0 -0
2002 stock 15 0 1 0.00894398 0.991056 23 0 0 0 0
2002 stock 16 0 0 0.00602813 -0.00602813 23 0 0 0 -0
2002 stock 17 0 0 0.00427512 -0.00427512 23 0 0 0 -0
2002 stock 18 0 0 0.00321118 -0.00321118 23 0 0 0 -0
2002 stock 19 0 0 0.00876899 -0.00876899 23 0 0 0 -0
2003 stock 3 0 1 0.0665567 0.933443 14 0 0 0 0
2003 stock 4 0 1 0.117045 0.882955 14 0 0 0 0
2003 stock 5 0 1 0.0939871 0.906013 14 0 0 0 0
2003 stock 6 0 0 0.108007 -0.108007 14 0 0 0 -0
2003 stock 7 0 2 0.104268 1.89573 14 0 0 0 0
2003 stock 8 0 1 0.109975 0.890025 14 0 0 0 0
2003 stock 9 0 1 0.102359 0.897641 14 0 0 0 0
2003 stock 10 0 2 0.0861792 1.91382 14 0 0 0 0
2003 stock 11 0 0 0.0709636 -0.0709636 14 0 0 0 -0
2003 stock 12 0 3 0.0543926 2.94561 14 0 0 0 0
2003 stock 13 0 1 0.034428 0.965572 14 0 0 0 0
2003 stock 14 0 0 0.018802 -0.018802 14 0 0 0 -0
2003 stock 15 0 1 0.0107081 0.989292 14 0 0 0 0
2003 stock 16 0 0 0.0067081 -0.0067081 14 0 0 0 -0
2003 stock 17 0 0 0.00443327 -0.00443327 14 0 0 0 -0
2003 stock 18 0 0 0.00307542 -0.00307542 14 0 0 0 -0
2003 stock 19 0 0 0.00811246 -0.00811246 14 0 0 0 -0
2004 stock 3 0 0 0.0998386 -0.0998386 15 0 0 0 -0
2004 stock 4 0 0 0.0920034 -0.0920034 15 0 0 0 -0
2004 stock 5 0 3 0.130825 2.86917 15 0 0 0 0
2004 stock 6 0 0 0.0965628 -0.0965628 15 0 0 0 -0
2004 stock 7 0 3 0.0947994 2.9052 15 0 0 0 0
2004 stock 8 0 0 0.0890941 -0.0890941 15 0 0 0 -0
2004 stock 9 0 1 0.0895876 0.910412 15 0 0 0 0
2004 stock 10 0 2 0.0817266 1.91827 15 0 0 0 0
2004 stock 11 0 2 0.0675664 1.93243 15 0 0 0 0
2004 stock 12 0 1 0.0542579 0.945742 15 0 0 0 0
2004 stock 13 0 2 0.0406772 1.95932 15 0 0 0 0
2004 stock 14 0 0 0.0257891 -0.0257891 15 0 0 0 -0
2004 stock 15 0 0 0.0141656 -0.0141656 15 0 0 0 -0
2004 stock 16 0 0 0.00788262 -0.00788262 15 0 0 0 -0
2004 stock 17 0 0 0.00479773 -0.00479773 15 0 0 0 -0
2004 stock 18 0 0 0.00310252 -0.00310252 15 0 0 0 -0
2004 stock 19 0 1 0.00732331 0.992677 15 0 0 0 0
2005 stock 3 0 4 0.244796 3.7552 17 0 0 0 0
2005 stock 4 0 3 0.113846 2.88615 17 0 0 0 0
2005 stock 5 0 2 0.0908117 1.90919 17 0 0 0 0
2005 stock 6 0 0 0.105247 -0.105247 17 0 0 0 -0
2005 stock 7 0 2 0.0738852 1.92611 17 0 0 0 0
2005 stock 8 0 2 0.0656432 1.93436 17 0 0 0 0
2005 stock 9 0 0 0.0602804 -0.0602804 17 0 0 0 -0
2005 stock 10 0 2 0.0578285 1.94217 17 0 0 0 0
2005 stock 11 0 1 0.0515459 0.948454 17 0 0 0 0
2005 stock 12 0 0 0.041895 -0.041895 17 0 0 0 -0
2005 stock 13 0 0 0.0329134 -0.0329134 17 0 0 0 -0
2005 stock 14 0 0 0.0242256 -0.0242256 17 0 0 0 -0
2005 stock 15 0 0 0.0153941 -0.0153941 17 0 0 0 -0
2005 stock 16 0 0 0.00853352 -0.00853352 17 0 0 0 -0
2005 stock 17 0 1 0.00468083 0.995319 17 0 0 0 0
2005 stock 18 0 0 0.00277873 -0.00277873 17 0 0 0 -0
2005 stock 19 0 0 0.00569552 -0.00569552 17 0 0 0 -0
2006 stock 3 0 1 0.146283 0.853717 8 0 0 0 0
2006 stock 4 0 2 0.280239 1.71976 8 0 0 0 0
2006 stock 5 0 0 0.120746 -0.120746 8 0 0 0 -0
2006 stock 6 0 1 0.0798455 0.920155 8 0 0 0 0
2006 stock 7 0 0 0.0770474 -0.0770474 8 0 0 0 -0
2006 stock 8 0 1 0.0543522 0.945648 8 0 0 0 0
2006 stock 9 0 2 0.0451799 1.95482 8 0 0 0 0
2006 stock 10 0 1 0.0406512 0.959349 8 0 0 0 0
2006 stock 11 0 0 0.0376592 -0.0376592 8 0 0 0 -0
2006 stock 12 0 0 0.0330295 -0.0330295 8 0 0 0 -0
2006 stock 13 0 0 0.0266002 -0.0266002 8 0 0 0 -0
2006 stock 14 0 0 0.0205894 -0.0205894 8 0 0 0 -0
2006 stock 15 0 0 0.0149643 -0.0149643 8 0 0 0 -0
2006 stock 16 0 0 0.00954934 -0.00954934 8 0 0 0 -0
2006 stock 17 0 0 0.00535814 -0.00535814 8 0 0 0 -0
2006 stock 18 0 0 0.00291884 -0.00291884 8 0 0 0 -0
2006 stock 19 0 0 0.00498731 -0.00498731 8 0 0 0 -0
2008 stock 3 0 0 0.0524238 -0.0524238 19 0 0 0 -0
2008 stock 4 0 0 0.142324 -0.142324 19 0 0 0 -0
2008 stock 5 0 2 0.198541 1.80146 19 0 0 0 0
2008 stock 6 0 10 0.249212 9.75079 19 0 0 0 0
2008 stock 7 0 1 0.110648 0.889352 19 0 0 0 0
2008 stock 8 0 2 0.0549542 1.94505 19 0 0 0 0
2008 stock 9 0 0 0.0442054 -0.0442054 19 0 0 0 -0
2008 stock 10 0 1 0.0319103 0.96809 19 0 0 0 0
2008 stock 11 0 0 0.024359 -0.024359 19 0 0 0 -0
2008 stock 12 0 0 0.0209159 -0.0209159 19 0 0 0 -0
2008 stock 13 0 0 0.0182913 -0.0182913 19 0 0 0 -0
2008 stock 14 0 0 0.0154262 -0.0154262 19 0 0 0 -0
2008 stock 15 0 1 0.0120944 0.987906 19 0 0 0 0
2008 stock 16 0 1 0.00901798 0.990982 19 0 0 0 0
2008 stock 17 0 0 0.00634031 -0.00634031 19 0 0 0 -0
2008 stock 18 0 0 0.00402255 -0.00402255 19 0 0 0 -0
2008 stock 19 0 1 0.00531383 0.994686 19 0 0 0 0
2009 stock 3 0 1 0.0796489 0.920351 12 0 0 0 0
2009 stock 4 0 2 0.0736873 1.92631 12 0 0 0 0
2009 stock 5 0 2 0.158286 1.84171 12 0 0 0 0
2009 stock 6 0 1 0.193959 0.806041 12 0 0 0 0
2009 stock 7 0 2 0.207991 1.79201 12 0 0 0 0
2009 stock 8 0 2 0.0989336 1.90107 12 0 0 0 0
2009 stock 9 0 0 0.0458067 -0.0458067 12 0 0 0 -0
2009 stock 10 0 0 0.0343479 -0.0343479 12 0 0 0 -0
2009 stock 11 0 0 0.0247567 -0.0247567 12 0 0 0 -0
2009 stock 12 0 0 0.0183531 -0.0183531 12 0 0 0 -0
2009 stock 13 0 0 0.0153175 -0.0153175 12 0 0 0 -0
2009 stock 14 0 0 0.013071 -0.013071 12 0 0 0 -0
2009 stock 15 0 1 0.0108171 0.989183 12 0 0 0 0
2009 stock 16 0 0 0.00838085 -0.00838085 12 0 0 0 -0
2009 stock 17 0 0 0.00615676 -0.00615676 12 0 0 0 -0
2009 stock 18 0 1 0.00427062 0.995729 12 0 0 0 0
2009 stock 19 0 0 0.00621574 -0.00621574 12 0 0 0 -0
2010 stock 3 0 0 0.0761818 -0.0761818 12 0 0 0 -0
2010 stock 4 0 2 0.106917 1.89308 12 0 0 0 0
2010 stock 5 0 1 0.090074 0.909926 12 0 0 0 0
2010 stock 6 0 1 0.153871 0.846129 12 0 0 0 0
2010 stock 7 0 4 0.17283 3.82717 12 0 0 0 0
2010 stock 8 0 1 0.169929 0.830071 12 0 0 0 0
2010 stock 9 0 1 0.0861126 0.913887 12 0 0 0 0
2010 stock 10 0 1 0.0382689 0.961731 12 0 0 0 0
2010 stock 11 0 0 0.0268128 -0.0268128 12 0 0 0 -0
2010 stock 12 0 0 0.0192075 -0.0192075 12 0 0 0 -0
2010 stock 13 0 0 0.0139612 -0.0139612 12 0 0 0 -0
2010 stock 14 0 0 0.0113277 -0.0113277 12 0 0 0 -0
2010 stock 15 0 0 0.00946031 -0.00946031 12 0 0 0 -0
2010 stock 16 0 1 0.00769537 0.992305 12 0 0 0 0
2010 stock 17 0 0 0.00589975 -0.00589975 12 0 0 0 -0
2010 stock 18 0 0 0.00428077 -0.00428077 12 0 0 0 -0
2010 stock 19 0 0 0.00717066 -0.00717066 12 0 0 0 -0
2011 stock 3 0 0 0.072613 -0.072613 9 0 0 0 -0
2011 stock 4 0 1 0.104029 0.895971 9 0 0 0 0
2011 stock 5 0 0 0.121648 -0.121648 9 0 0 0 -0
2011 stock 6 0 0 0.0951958 -0.0951958 9 0 0 0 -0
2011 stock 7 0 4 0.134754 3.86525 9 0 0 0 0
2011 stock 8 0 2 0.148553 1.85145 9 0 0 0 0
2011 stock 9 0 2 0.137961 1.86204 9 0 0 0 0
2011 stock 10 0 0 0.073703 -0.073703 9 0 0 0 -0
2011 stock 11 0 0 0.0323125 -0.0323125 9 0 0 0 -0
2011 stock 12 0 0 0.0211381 -0.0211381 9 0 0 0 -0
2011 stock 13 0 0 0.014934 -0.014934 9 0 0 0 -0
2011 stock 14 0 0 0.0106578 -0.0106578 9 0 0 0 -0
2011 stock 15 0 0 0.00837353 -0.00837353 9 0 0 0 -0
2011 stock 16 0 0 0.00682117 -0.00682117 9 0 0 0 -0
2011 stock 17 0 0 0.00543665 -0.00543665 9 0 0 0 -0
2011 stock 18 0 0 0.00410915 -0.00410915 9 0 0 0 -0
2011 stock 19 0 0 0.0077612 -0.0077612 9 0 0 0 -0
*end

*observation[chatOBSest]
observation_type: process_removals_by_age
likelihood: multinomial
Values {dataframe}
year category age length observed expected residual error_value process_error adjusted_error neglogLike pearsons_residuals
1992 stock 4 0 0 0.0188983 -0.0188983 19 0 0 0 -0
1992 stock 5 0 1 0.0259018 0.974098 19 0 0 0 0
1992 stock 6 0 1 0.0456158 0.954384 19 0 0 0 0
1992 stock 7 0 3 0.0576552 2.94234 19 0 0 0 0
1992 stock 8 0 2 0.0829553 1.91704 19 0 0 0 0
1992 stock 9 0 4 0.130235 3.86977 19 0 0 0 0
1992 stock 10 0 2 0.139742 1.86026 19 0 0 0 0
1992 stock 11 0 2 0.123343 1.87666 19 0 0 0 0
1992 stock 12 0 1 0.101977 0.898023 19 0 0 0 0
1992 stock 13 0 1 0.0807953 0.919205 19 0 0 0 0
1992 stock 14 0 1 0.0617561 0.938244 19 0 0 0 0
1992 stock 15 0 0 0.0455313 -0.0455313 19 0 0 0 -0
1992 stock 16 0 0 0.032086 -0.032086 19 0 0 0 -0
1992 stock 17 0 0 0.0212129 -0.0212129 19 0 0 0 -0
1992 stock 18 0 0 0.0130013 -0.0130013 19 0 0 0 -0
1992 stock 19 0 1 0.00760239 0.992398 19 0 0 0 0
1992 stock 20 0 0 0.00449856 -0.00449856 19 0 0 0 -0
1992 stock 21 0 0 0.00719252 -0.00719252 19 0 0 0 -0
1995 stock 4 0 0 0.0466828 -0.0466828 18 0 0 0 -0
1995 stock 5 0 1 0.0516726 0.948327 18 0 0 0 0
1995 stock 6 0 1 0.0568291 0.943171 18 0 0 0 0
1995 stock 7 0 2 0.0742402 1.92576 18 0 0 0 0
1995 stock 8 0 1 0.0783165 0.921684 18 0 0 0 0
1995 stock 9 0 1 0.0880308 0.911969 18 0 0 0 0
1995 stock 10 0 1 0.0847127 0.915287 18 0 0 0 0
1995 stock 11 0 4 0.0848491 3.91515 18 0 0 0 0
1995 stock 12 0 1 0.0943395 0.90566 18 0 0 0 0
1995 stock 13 0 2 0.0895051 1.91049 18 0 0 0 0
1995 stock 14 0 1 0.0722591 0.927741 18 0 0 0 0
1995 stock 15 0 1 0.0550745 0.944925 18 0 0 0 0
1995 stock 16 0 2 0.0406845 1.95932 18 0 0 0 0
1995 stock 17 0 0 0.0291286 -0.0291286 18 0 0 0 -0
1995 stock 18 0 0 0.0201678 -0.0201678 18 0 0 0 -0
1995 stock 19 0 0 0.0134179 -0.0134179 18 0 0 0 -0
1995 stock 20 0 0 0.00847995 -0.00847995 18 0 0 0 -0
1995 stock 21 0 0 0.0116093 -0.0116093 18 0 0 0 -0
1997 stock 4 0 0 0.0358568 -0.0358568 15 0 0 0 -0
1997 stock 5 0 1 0.0706782 0.929322 15 0 0 0 0
1997 stock 6 0 2 0.114605 1.88539 15 0 0 0 0
1997 stock 7 0 3 0.106825 2.89317 15 0 0 0 0
1997 stock 8 0 0 0.0937064 -0.0937064 15 0 0 0 -0
1997 stock 9 0 2 0.0913248 1.90868 15 0 0 0 0
1997 stock 10 0 1 0.0790741 0.920926 15 0 0 0 0
1997 stock 11 0 1 0.0690491 0.930951 15 0 0 0 0
1997 stock 12 0 1 0.0589725 0.941027 15 0 0 0 0
1997 stock 13 0 1 0.0532291 0.946771 15 0 0 0 0
1997 stock 14 0 0 0.053171 -0.053171 15 0 0 0 -0
1997 stock 15 0 1 0.0485432 0.951457 15 0 0 0 0
1997 stock 16 0 1 0.0385181 0.961482 15 0 0 0 0
1997 stock 17 0 0 0.0283798 -0.0283798 15 0 0 0 -0
1997 stock 18 0 0 0.0202023 -0.0202023 15 0 0 0 -0
1997 stock 19 0 1 0.0139569 0.986043 15 0 0 0 0
1997 stock 20 0 0 0.0093385 -0.0093385 15 0 0 0 -0
1997 stock 21 0 0 0.0145691 -0.0145691 15 0 0 0 -0
1998 stock 4 0 1 0.0322099 0.96779 23 0 0 0 0
1998 stock 5 0 2 0.059166 1.94083 23 0 0 0 0
1998 stock 6 0 4 0.102491 3.89751 23 0 0 0 0
1998 stock 7 0 4 0.144197 3.8558 23 0 0 0 0
1998 stock 8 0 4 0.124482 3.87552 23 0 0 0 0
1998 stock 9 0 0 0.0970346 -0.0970346 23 0 0 0 -0
1998 stock 10 0 1 0.0827449 0.917255 23 0 0 0 0
1998 stock 11 0 0 0.066236 -0.066236 23 0 0 0 -0
1998 stock 12 0 1 0.0536918 0.946308 23 0 0 0 0
1998 stock 13 0 1 0.0445928 0.955407 23 0 0 0 0
1998 stock 14 0 0 0.03915 -0.03915 23 0 0 0 -0
1998 stock 15 0 2 0.0374627 1.96254 23 0 0 0 0
1998 stock 16 0 0 0.033503 -0.033503 23 0 0 0 -0
1998 stock 17 0 1 0.0263735 0.973627 23 0 0 0 0
1998 stock 18 0 2 0.0191566 1.98084 23 0 0 0 0
1998 stock 19 0 0 0.013394 -0.013394 23 0 0 0 -0
1998 stock 20 0 0 0.00908904 -0.00908904 23 0 0 0 -0
1998 stock 21 0 0 0.0150259 -0.0150259 23 0 0 0 -0
2001 stock 4 0 1 0.0176119 0.982388 53 0 0 0 0
2001 stock 5 0 2 0.0334829 1.96652 53 0 0 0 0
2001 stock 6 0 1 0.0678854 0.932115 53 0 0 0 0
2001 stock 7 0 5 0.103107 4.89689 53 0 0 0 0
2001 stock 8 0 12 0.132084 11.8679 53 0 0 0 0
2001 stock 9 0 7 0.154549 6.84545 53 0 0 0 0
2001 stock 10 0 10 0.150346 9.84965 53 0 0 0 0
2001 stock 11 0 1 0.105974 0.894026 53 0 0 0 0
2001 stock 12 0 5 0.0638469 4.93615 53 0 0 0 0
2001 stock 13 0 0 0.0423348 -0.0423348 53 0 0 0 -0
2001 stock 14 0 1 0.0302248 0.969775 53 0 0 0 0
2001 stock 15 0 3 0.0223079 2.97769 53 0 0 0 0
2001 stock 16 0 0 0.0172555 -0.0172555 53 0 0 0 -0
2001 stock 17 0 1 0.0140601 0.98594 53 0 0 0 0
2001 stock 18 0 1 0.0120647 0.987935 53 0 0 0 0
2001 stock 19 0 1 0.0101063 0.989894 53 0 0 0 0
2001 stock 20 0 2 0.00775313 1.99225 53 0 0 0 0
2001 stock 21 0 0 0.0150057 -0.0150057 53 0 0 0 -0
2004 stock 4 0 0 0.0171479 -0.0171479 43 0 0 0 -0
2004 stock 5 0 2 0.0358787 1.96412 43 0 0 0 0
2004 stock 6 0 5 0.0425268 4.95747 43 0 0 0 0
2004 stock 7 0 4 0.0662789 3.93372 43 0 0 0 0
2004 stock 8 0 4 0.0913237 3.90868 43 0 0 0 0
2004 stock 9 0 7 0.12194 6.87806 43 0 0 0 0
2004 stock 10 0 5 0.133597 4.8664 43 0 0 0 0
2004 stock 11 0 4 0.125962 3.87404 43 0 0 0 0
2004 stock 12 0 5 0.111383 4.88862 43 0 0 0 0
2004 stock 13 0 1 0.0896829 0.910317 43 0 0 0 0
2004 stock 14 0 1 0.0603282 0.939672 43 0 0 0 0
2004 stock 15 0 0 0.0353373 -0.0353373 43 0 0 0 -0
2004 stock 16 0 1 0.0210959 0.978904 43 0 0 0 0
2004 stock 17 0 0 0.0136695 -0.0136695 43 0 0 0 -0
2004 stock 18 0 1 0.00932859 0.990671 43 0 0 0 0
2004 stock 19 0 0 0.00663481 -0.00663481 43 0 0 0 -0
2004 stock 20 0 1 0.00495328 0.995047 43 0 0 0 0
2004 stock 21 0 2 0.0129316 1.98707 43 0 0 0 0
2007 stock 4 0 3 0.0510646 2.94894 42 0 0 0 0
2007 stock 5 0 6 0.110327 5.88967 42 0 0 0 0
2007 stock 6 0 2 0.070049 1.92995 42 0 0 0 0
2007 stock 7 0 3 0.0673218 2.93268 42 0 0 0 0
2007 stock 8 0 1 0.085037 0.914963 42 0 0 0 0
2007 stock 9 0 3 0.0801881 2.91981 42 0 0 0 0
2007 stock 10 0 5 0.0804756 4.91952 42 0 0 0 0
2007 stock 11 0 0 0.0812855 -0.0812855 42 0 0 0 -0
2007 stock 12 0 2 0.0806301 1.91937 42 0 0 0 0
2007 stock 13 0 4 0.0748568 3.92514 42 0 0 0 0
2007 stock 14 0 9 0.0638218 8.93618 42 0 0 0 0
2007 stock 15 0 3 0.0516524 2.94835 42 0 0 0 0
2007 stock 16 0 0 0.0388779 -0.0388779 42 0 0 0 -0
2007 stock 17 0 0 0.0258281 -0.0258281 42 0 0 0 -0
2007 stock 18 0 0 0.0151834 -0.0151834 42 0 0 0 -0
2007 stock 19 0 0 0.0085597 -0.0085597 42 0 0 0 -0
2007 stock 20 0 0 0.00505065 -0.00505065 42 0 0 0 -0
2007 stock 21 0 1 0.00979052 0.990209 42 0 0 0 0
*end

*process[Recruitment]
age: 1
b0: 75000
b0_initialisation_phase: 
categories: stock
label: Recruitment
proportions: 1
r0: 6625457.1729440708
ssb: biomass_t1
ssb_offset: 1
standardise_ycs_years: 1975 1976 1977 1978 1979 1980 1981 1982 1983 1984 1985 1986 1987 1988 1989 1990 1991 1992 1993 1994 1995 1996 1997 1998 1999 2000 2001 2002 2003 2004 2005 2006 2007 2008 2009
steepness: 0.90000000000000002
type: recruitment_beverton_holt
ycs_years: 1974 1975 1976 1977 1978 1979 1980 1981 1982 1983 1984 1985 1986 1987 1988 1989 1990 1991 1992 1993 1994 1995 1996 1997 1998 1999 2000 2001 2002 2003 2004 2005 2006 2007 2008 2009 2010 2011 
standardised_ycs: 1 1.68987 1.72592 1.75339 1.76947 1.77209 1.75697 1.72048 1.67903 1.6538 0.704065 0.78622 0.858239 0.630285 0.869338 0.734159 1.11194 1.65565 1.25537 1.07758 0.977498 0.805783 0.529768 0.500372 0.365065 0.549135 0.362666 0.542146 1.5257 0.867042 0.717147 0.308745 0.506839 0.428254 0.380845 0.429115 1 1 
ycs_values: 1 1.02472 1.04658 1.06324 1.07299 1.07458 1.06541 1.04328 1.01815 1.00285 0.426938 0.476756 0.520428 0.382199 0.527158 0.445187 0.67427 1.00397 0.761247 0.653433 0.592745 0.488619 0.321246 0.303421 0.221372 0.33299 0.219917 0.328752 0.925172 0.525766 0.434871 0.18722 0.307342 0.259689 0.230941 0.260211 1 1 
true_ycs: 1 1.68982 1.72569 1.75269 1.76853 1.77146 1.75709 1.72206 1.68259 1.65957 0.707464 0.790919 0.864181 0.635107 0.876378 0.740158 1.12063 1.66737 1.26289 1.08242 0.980177 0.806598 0.52958 0.499767 0.364466 0.547801 0.361295 0.539237 1.51469 0.859042 0.708541 0.303818 0.497231 0.419868 0.373504 0.420992 0.981124 0.980757 
Recruits: 6.62546e+06 1.11958e+07 1.14335e+07 1.16124e+07 1.17173e+07 1.17367e+07 1.16415e+07 1.14094e+07 1.11479e+07 1.09954e+07 4.68727e+06 5.2402e+06 5.7256e+06 4.20788e+06 5.80641e+06 4.90389e+06 7.42468e+06 1.10471e+07 8.36719e+06 7.17154e+06 6.49412e+06 5.34408e+06 3.50871e+06 3.31118e+06 2.41475e+06 3.62943e+06 2.39375e+06 3.57269e+06 1.00355e+07 5.69154e+06 4.69441e+06 2.01293e+06 3.29438e+06 2.78182e+06 2.47463e+06 2.78926e+06 6.50039e+06 6.49796e+06 
Recruit_event_SSB: 75000 74924.1 74646.6 73939 73595.9 74043.2 75188.7 77566.3 81168.2 85727.4 90683.9 95405.5 99671.8 103210 105515 105901 104038 100402 95433.2 89404 83186.5 77830.3 74055.2 71865.1 70807.1 68955.9 65989.5 62804.2 59441.5 56167.8 52183.3 47354.5 44231.4 43629.4 43920.4 44258.2 44310.1 43953.7 
*end

*process[Ageing]
categories: stock
label: Ageing
type: ageing
*end

*process[instant_mort]
categories: stock
label: instant_mort
m: 0.19
relative_m_by_age: One
time_step_proportions: 0.41999999999999998 0.25 0.33000000000000002
type: mortality_instantaneous
year: 1975 1976 1977 1978 1979 1980 1981 1982 1983 1984 1985 1986 1987 1988 1989 1990 1991 1992 1993 1994 1995 1996 1997 1998 1999 2000 2001 2002 2003 2004 2005 2006 2007 2008 2009 2010 2011 2012 
fishing_pressure[FishingEest]: 0.00210746 0.00639443 0.0232354 0.000116533 0.00974527 0.00512988 0.00154578 0.00363513 0.00249929 0.00188705 0.00456777 0.00110175 0.00159709 0.00239014 0.0052008 0.0086282 0.00649848 0.0148082 0.0294978 0.0476349 0.0527749 0.0494126 0.0386945 0.0246183 0.0732191 0.0481104 0.0393641 0.0255739 0.0181258 0.053038 0.042489 0.00859902 0.0238975 0.0320968 0.02934 0.00552524 0.00392777 0.00494927 
catch[FishingEest]: 111 336 1214 6 506 269 83 203 148 120 312 80 122 189 418 689 503 1087 1996 2912 2903 2483 1820 1124 3339 2130 1700 1058 718 1983 1434 255 683 901 832 159 118 150 
actual_catch[FishingEest]: 111 336 1214 6 506 269 83 203 148 120 312 80 122 189 418 689 503 1087 1996 2912 2903 2483 1820 1124 3339 2130 1700 1058 718 1983 1434 255 683 901 832 159 118 150 
fishing_pressure[FishingWest]: 0.00119835 0.00227914 0.00110734 0.000415032 0.00146036 0.00642345 0.0113882 0.00458923 0.0016902 0.0023271 0.00230968 0.00273682 0.00373427 0.00379416 0.00399081 0.00342504 0.00490823 0.00932687 0.00918572 0.00544618 0.00908278 0.0206952 0.0227382 0.022354 0.0189248 0.0201631 0.0229383 0.00950247 0.0112895 0.0166599 0.066238 0.00489445 0.00678643 0.00627893 0.025972 0.00587056 0.0215676 0.0219426 
catch[FishingWest]: 80 152 74 28 103 481 914 393 154 224 232 282 387 385 386 309 409 718 656 368 597 1353 1475 1424 1169 1155 1208 454 497 687 2585 184 270 259 1069 231 822 800 
actual_catch[FishingWest]: 80 152 74 28 103 481 914 393 154 224 232 282 387 385 386 309 409 718 656 368 597 1353 1475 1424 1169 1155 1208 454 497 687 2585 184 270 259 1069 231 822 800 
*end

*selectivity[MaturationSel]
h: 13 
intervals: 5 
l: 2 
label: MaturationSel 
length_based: 0 
type: all_values_bounded 
v: 0.02 0.050000000000000003 0.13 0.28999999999999998 0.5 0.69999999999999996 0.83999999999999997 0.93000000000000005 0.96999999999999997 0.98999999999999999 0.98999999999999999 1 
Values {vector}
1 0
2 0.02
3 0.05
4 0.13
5 0.29
6 0.5
7 0.7
8 0.84
9 0.93
10 0.97
11 0.99
12 0.99
13 1
14 1
15 1
16 1
17 1
18 1
19 1
20 1
21 1
22 1
23 1
24 1
25 1
26 1
27 1
28 1
29 1
30 1
*end

*selectivity[westFSel]
alpha: 1 
intervals: 5 
label: westFSel 
length_based: 0 
mu: 6.4479800000000003 
sigma_l: 3.0032700000000001 
sigma_r: 7.8833099999999998 
type: double_normal 
Values {vector}
1 0.102191
2 0.218621
3 0.401069
4 0.630953
5 0.851186
6 0.984696
7 0.996607
8 0.973492
9 0.929935
10 0.868732
11 0.793653
12 0.709068
13 0.619523
14 0.529346
15 0.442317
16 0.361443
17 0.288841
18 0.22573
19 0.172517
20 0.12894
21 0.0942444
22 0.0673652
23 0.0470899
24 0.0321908
25 0.0215203
26 0.0140695
27 0.00899537
28 0.00562435
29 0.00343905
30 0.00205644
*end

*selectivity[eastFSel]
alpha: 1 
intervals: 5 
label: eastFSel 
length_based: 0 
mu: 10.812900000000001 
sigma_l: 3.50265 
sigma_r: 6.8698800000000002 
type: double_normal 
Values {vector}
1 0.00433797
2 0.0124252
3 0.0317867
4 0.0726296
5 0.148221
6 0.270167
7 0.439825
8 0.639522
9 0.830534
10 0.963354
11 0.999486
12 0.979516
13 0.932158
14 0.861412
15 0.772992
16 0.67357
17 0.569946
18 0.468304
19 0.37365
20 0.289498
21 0.217806
22 0.159124
23 0.112888
24 0.0777677
25 0.0520231
26 0.0337937
27 0.0213166
28 0.013057
29 0.0077663
30 0.00448566
*end

*selectivity[chatTANSel]
alpha: 1 
intervals: 5 
label: chatTANSel 
length_based: 0 
mu: 7.3399999999999999 
sigma_l: 5.5338799999999999 
sigma_r: 10.866400000000001 
type: double_normal 
Values {vector}
1 0.402606
2 0.524437
3 0.652901
4 0.776857
5 0.883436
6 0.960173
7 0.997387
8 0.997446
9 0.983954
10 0.959315
11 0.924377
12 0.880315
13 0.828568
14 0.770761
15 0.708618
16 0.643882
17 0.57823
18 0.513212
19 0.450189
20 0.390295
21 0.33442
22 0.2832
23 0.237026
24 0.196065
25 0.160289
26 0.129512
27 0.103423
28 0.0816252
29 0.0636698
30 0.0490845
*end

*selectivity[One]
c: 1 
intervals: 5 
label: One 
length_based: 0 
type: constant 
Values {vector}
1 1
2 1
3 1
4 1
5 1
6 1
7 1
8 1
9 1
10 1
11 1
12 1
13 1
14 1
15 1
16 1
17 1
18 1
19 1
20 1
21 1
22 1
23 1
24 1
25 1
26 1
27 1
28 1
29 1
30 1
*end

*info[messages_encountered]
Values {string}
Setting the random number seed to 123
Estimable parameters were loaded from the free parameter file: pars.out
Creating default report for derived quantity biomass_t1
Creating default report for observation chatTANbiomass
Creating default report for observation chatTANage
Creating default report for observation chatOBSwst
Creating default report for observation chatOBSest
Creating default report for process Recruitment
Creating default report for process Ageing
Creating default report for process instant_mort
Creating default report for selectivity MaturationSel
Creating default report for selectivity westFSel
Creating default report for selectivity eastFSel
Creating default report for selectivity chatTANSel
Creating default report for selectivity One
Initiating simulation run mode
*end

*warnings[messages_encountered]
Values {string}
Estimates were removed because of matching lower and upper bounds. Originally had 48 estimates, now have 46
*end

