Casal2
Call: casal2 -s 1 -i pars.out -g 123 
Date: Wed Feb 16 09:16:07 2022
Version: v22.02 (2022-02-15)
Copyright (c) 2017-2022, NIWA (www.niwa.co.nz)
Environment: User=marshc Machine=NIWA-1008960 OS=Windows_NT PID=16112


*time_varying[chat_mean_selectivity]
chat_mean_selectivity {dataframe}
year Value
1975  9.51995
1976  9.51995
1977  9.51995
1978  9.51995
1979  9.51995
1980  9.51995
1981  9.51995
1982  9.51995
1983  9.51995
1984  9.51995
1985  9.51995
1986  9.51995
1987  9.51995
1988  9.51995
1989  9.51995
1990  9.51995
1991  9.51995
1992  9.51995
1993  9.51995
1994  9.51995
1995  9.51995
1996  9.51995
1997  9.51995
1998  9.51995
1999  9.51995
2000  7.34
2001  7.34
2002  7.34
2003  7.34
2004  7.34
2005  7.34
2006  7.34
2007  7.34
2008  7.34
2009  7.34
2010  7.34
2011  7.34
2012  7.34
*end

*derived_quantity[biomass_t1]
biomass_t1 {list}
type: biomass
initialisation_phase[1]: 75000 
values {vector}
1975 74924.1
1976 74646.6
1977 73939
1978 73595.9
1979 74043.2
1980 75188.7
1981 77566.3
1982 81168.2
1983 85727.4
1984 90683.9
1985 95405.5
1986 99671.8
1987 103210
1988 105515
1989 105901
1990 104038
1991 100402
1992 95433.2
1993 89404
1994 83186.5
1995 77830.3
1996 74055.2
1997 71865.1
1998 70807.1
1999 68955.9
2000 65989.5
2001 62804.2
2002 59441.5
2003 56167.8
2004 52183.3
2005 47354.5
2006 44231.4
2007 43629.4
2008 43920.4
2009 44258.2
2010 44310.1
2011 43953.7
2012 42633.6
{end_list}
*end

*observation[chatTANbiomass]
observation_type: biomass
likelihood: lognormal
Values {dataframe}
year category age length observed expected residual error_value process_error adjusted_error neglogLike pearsons_residuals normalised_residuals
1992 stock 0 0 4734.1 5115.54 -381.445 0.15 0.2 0.25 0 -0.298263 -0.191617
1993 stock 0 0 3022.68 4765.49 -1742.81 0.17 0.2 0.262488 0 -1.39326 -1.63462
1994 stock 0 0 3712.61 4456.43 -743.821 0.1 0.2 0.223607 0 -0.746442 -0.716291
1995 stock 0 0 7426.03 4220.06 3205.97 0.23 0.2 0.304795 0 2.49249 2.04515
1996 stock 0 0 3373.08 4039.71 -666.63 0.13 0.2 0.238537 0 -0.691798 -0.649013
1997 stock 0 0 6005.35 3922.59 2082.76 0.17 0.2 0.262488 0 2.02282 1.77902
1998 stock 0 0 4111.86 3838.97 272.892 0.18 0.2 0.269072 0 0.264184 0.391934
1999 stock 0 0 4867.18 3627 1240.18 0.12 0.2 0.233238 0 1.46601 1.39294
2000 stock 0 0 3713.28 3560.06 153.22 0.09 0.2 0.219317 0 0.196239 0.302786
2001 stock 0 0 2104.64 3293.24 -1188.6 0.13 0.2 0.238537 0 -1.51306 -1.78561
2002 stock 0 0 2525.05 3078.37 -553.32 0.15 0.2 0.25 0 -0.718978 -0.681612
2003 stock 0 0 3347.08 2898.01 449.068 0.16 0.2 0.256125 0 0.605008 0.697562
2004 stock 0 0 2075.92 2712.99 -637.072 0.17 0.2 0.262488 0 -0.894605 -0.907818
2005 stock 0 0 2305.08 2542.04 -236.96 0.18 0.2 0.269072 0 -0.346436 -0.237918
2006 stock 0 0 1974.21 2594.24 -620.027 0.19 0.2 0.275862 0 -0.86638 -0.873097
2007 stock 0 0 3227.71 2629.06 598.652 0.12 0.2 0.233238 0 0.976282 1.00642
2008 stock 0 0 2838.67 2634.6 204.068 0.13 0.2 0.238537 0 0.324715 0.434753
2009 stock 0 0 2154.73 2562.33 -407.604 0.21 0.2 0.29 0 -0.548535 -0.467608
2010 stock 0 0 2047.49 2521.79 -474.299 0.25 0.2 0.320156 0 -0.587465 -0.510803
2011 stock 0 0 2462.51 2436.47 26.0423 0.15 0.2 0.25 0 0.0427541 0.16629
2012 stock 0 0 2868.45 2373.48 494.972 0.15 0.2 0.25 0 0.834172 0.892402
*end

*observation[chatTANage]
observation_type: proportions_at_age
likelihood: multinomial
Values {dataframe}
year category age length observed expected residual error_value process_error adjusted_error neglogLike pearsons_residuals
1990 stock 3 0 0.0440252 0.0518573 -0.00783219 159 0 0 0 -0
1990 stock 4 0 0.0566038 0.072346 -0.0157422 159 0 0 0 -0
1990 stock 5 0 0.0503145 0.0680049 -0.0176904 159 0 0 0 -0
1990 stock 6 0 0.0628931 0.0755425 -0.0126494 159 0 0 0 -0
1990 stock 7 0 0.169811 0.120789 0.0490224 159 0 0 0 0
1990 stock 8 0 0.157233 0.120977 0.0362553 159 0 0 0 0
1990 stock 9 0 0.125786 0.106184 0.0196025 159 0 0 0 0
1990 stock 10 0 0.100629 0.089655 0.010974 159 0 0 0 0
1990 stock 11 0 0.081761 0.0735301 0.00823091 159 0 0 0 0
1990 stock 12 0 0.0188679 0.0590179 -0.04015 159 0 0 0 -0
1990 stock 13 0 0.0503145 0.0463705 0.00394401 159 0 0 0 0
1990 stock 14 0 0.0440252 0.0351961 0.00882903 159 0 0 0 0
1990 stock 15 0 0.0125786 0.0250774 -0.0124987 159 0 0 0 -0
1990 stock 16 0 0 0.0165942 -0.0165942 159 0 0 0 -0
1990 stock 17 0 0 0.0108368 -0.0108368 159 0 0 0 -0
1990 stock 18 0 0 0.00752362 -0.00752362 159 0 0 0 -0
1990 stock 19 0 0.0251572 0.0204978 0.0046594 159 0 0 0 0
1992 stock 3 0 0.0621469 0.0690185 -0.00687162 177 0 0 0 -0
1992 stock 4 0 0.0734463 0.0829375 -0.00949122 177 0 0 0 -0
1992 stock 5 0 0.079096 0.0679227 0.0111734 177 0 0 0 0
1992 stock 6 0 0.0621469 0.0803508 -0.0182039 177 0 0 0 -0
1992 stock 7 0 0.0677966 0.073011 -0.00521441 177 0 0 0 -0
1992 stock 8 0 0.0847458 0.0763997 0.00834611 177 0 0 0 0
1992 stock 9 0 0.112994 0.100214 0.0127799 177 0 0 0 0
1992 stock 10 0 0.118644 0.0973962 0.0212479 177 0 0 0 0
1992 stock 11 0 0.0734463 0.0812692 -0.00782285 177 0 0 0 -0
1992 stock 12 0 0.039548 0.0664278 -0.0268798 177 0 0 0 -0
1992 stock 13 0 0.0847458 0.0533461 0.0313997 177 0 0 0 0
1992 stock 14 0 0.0564972 0.0420267 0.0144704 177 0 0 0 0
1992 stock 15 0 0.0338983 0.0323906 0.00150771 177 0 0 0 0
1992 stock 16 0 0.0225989 0.02413 -0.0015311 177 0 0 0 -0
1992 stock 17 0 0 0.0170237 -0.0170237 177 0 0 0 -0
1992 stock 18 0 0 0.0112938 -0.0112938 177 0 0 0 -0
1992 stock 19 0 0.0282486 0.0248413 0.00340731 177 0 0 0 0
1993 stock 3 0 0.135593 0.106015 0.0295785 118 0 0 0 0
1993 stock 4 0 0.0677966 0.0778858 -0.0100892 118 0 0 0 -0
1993 stock 5 0 0.059322 0.0864436 -0.0271216 118 0 0 0 -0
1993 stock 6 0 0.0932203 0.0710308 0.0221896 118 0 0 0 0
1993 stock 7 0 0.0762712 0.0767174 -0.000446248 118 0 0 0 -0
1993 stock 8 0 0.0932203 0.0681743 0.025046 118 0 0 0 0
1993 stock 9 0 0.110169 0.0680646 0.0421049 118 0 0 0 0
1993 stock 10 0 0.059322 0.0826655 -0.0233435 118 0 0 0 -0
1993 stock 11 0 0.0847458 0.0800463 0.0046995 118 0 0 0 0
1993 stock 12 0 0.0423729 0.0664998 -0.0241269 118 0 0 0 -0
1993 stock 13 0 0.0762712 0.0538783 0.0223929 118 0 0 0 0
1993 stock 14 0 0.00847458 0.0429312 -0.0344566 118 0 0 0 -0
1993 stock 15 0 0.00847458 0.0335765 -0.0251019 118 0 0 0 -0
1993 stock 16 0 0.0254237 0.0256867 -0.000262999 118 0 0 0 -0
1993 stock 17 0 0 0.0190092 -0.0190092 118 0 0 0 -0
1993 stock 18 0 0.0169492 0.013371 0.00357812 118 0 0 0 0
1993 stock 19 0 0.0423729 0.0280042 0.0143687 118 0 0 0 0
1994 stock 3 0 0.163265 0.155777 0.00748791 147 0 0 0 0
1994 stock 4 0 0.0816327 0.109909 -0.0282763 147 0 0 0 -0
1994 stock 5 0 0.0884354 0.0797896 0.00864578 147 0 0 0 0
1994 stock 6 0 0.0952381 0.0812383 0.0139998 147 0 0 0 0
1994 stock 7 0 0.0612245 0.0660938 -0.00486927 147 0 0 0 -0
1994 stock 8 0 0.047619 0.0650858 -0.0174668 147 0 0 0 -0
1994 stock 9 0 0.0816327 0.056385 0.0252477 147 0 0 0 0
1994 stock 10 0 0.0680272 0.0541095 0.0139177 147 0 0 0 0
1994 stock 11 0 0.0612245 0.0621475 -0.000923005 147 0 0 0 -0
1994 stock 12 0 0.0272109 0.0600738 -0.0328629 147 0 0 0 -0
1994 stock 13 0 0.0408163 0.0499465 -0.00913017 147 0 0 0 -0
1994 stock 14 0 0.0408163 0.040195 0.000621323 147 0 0 0 0
1994 stock 15 0 0.0340136 0.0318318 0.00218176 147 0 0 0 0
1994 stock 16 0 0.0204082 0.0247563 -0.00434813 147 0 0 0 -0
1994 stock 17 0 0.0272109 0.0188336 0.0083773 147 0 0 0 0
1994 stock 18 0 0.0204082 0.0138695 0.00653869 147 0 0 0 0
1994 stock 19 0 0.0408163 0.0299578 0.0108585 147 0 0 0 0
1995 stock 3 0 0.09375 0.123607 -0.0298569 128 0 0 0 -0
1995 stock 4 0 0.132812 0.162383 -0.0295703 128 0 0 0 -0
1995 stock 5 0 0.132812 0.112199 0.0206133 128 0 0 0 0
1995 stock 6 0 0.101562 0.0796174 0.0219451 128 0 0 0 0
1995 stock 7 0 0.09375 0.0738878 0.0198622 128 0 0 0 0
1995 stock 8 0 0.0859375 0.0588104 0.0271271 128 0 0 0 0
1995 stock 9 0 0.03125 0.0532085 -0.0219585 128 0 0 0 -0
1995 stock 10 0 0.046875 0.0452738 0.00160118 128 0 0 0 0
1995 stock 11 0 0.0703125 0.0425261 0.0277864 128 0 0 0 0
1995 stock 12 0 0.046875 0.0468898 -1.48217e-05 128 0 0 0 -0
1995 stock 13 0 0.0390625 0.0452015 -0.00613904 128 0 0 0 -0
1995 stock 14 0 0.0234375 0.037726 -0.0142885 128 0 0 0 -0
1995 stock 15 0 0.0390625 0.0302219 0.00884056 128 0 0 0 0
1995 stock 16 0 0.0234375 0.0238171 -0.000379558 128 0 0 0 -0
1995 stock 17 0 0.015625 0.0184389 -0.00281386 128 0 0 0 -0
1995 stock 18 0 0.0078125 0.0139609 -0.00614837 128 0 0 0 -0
1995 stock 19 0 0.015625 0.032231 -0.016606 128 0 0 0 -0
1996 stock 3 0 0.139423 0.106596 0.0328266 208 0 0 0 0
1996 stock 4 0 0.115385 0.133766 -0.0183809 208 0 0 0 -0
1996 stock 5 0 0.1875 0.161169 0.0263309 208 0 0 0 0
1996 stock 6 0 0.129808 0.110835 0.0189728 208 0 0 0 0
1996 stock 7 0 0.0480769 0.0755694 -0.0274925 208 0 0 0 -0
1996 stock 8 0 0.0721154 0.064091 0.00802441 208 0 0 0 0
1996 stock 9 0 0.0432692 0.0497096 -0.0064404 208 0 0 0 -0
1996 stock 10 0 0.0336538 0.042157 -0.00850319 208 0 0 0 -0
1996 stock 11 0 0.0336538 0.0357293 -0.00207548 208 0 0 0 -0
1996 stock 12 0 0.0240385 0.0332598 -0.00922134 208 0 0 0 -0
1996 stock 13 0 0.0288462 0.0354867 -0.00664053 208 0 0 0 -0
1996 stock 14 0 0.0240385 0.0340789 -0.0100405 208 0 0 0 -0
1996 stock 15 0 0.0240385 0.0286038 -0.00456538 208 0 0 0 -0
1996 stock 16 0 0.0288462 0.0228554 0.00599078 208 0 0 0 0
1996 stock 17 0 0.0240385 0.0179386 0.00609986 208 0 0 0 0
1996 stock 18 0 0.0144231 0.0138295 0.000593564 208 0 0 0 0
1996 stock 19 0 0.0288462 0.034325 -0.00547885 208 0 0 0 -0
1997 stock 3 0 0.0704225 0.0980523 -0.0276298 213 0 0 0 -0
1997 stock 4 0 0.0985915 0.114956 -0.0163641 213 0 0 0 -0
1997 stock 5 0 0.122066 0.137193 -0.0151269 213 0 0 0 -0
1997 stock 6 0 0.13615 0.15328 -0.0171293 213 0 0 0 -0
1997 stock 7 0 0.107981 0.105027 0.00295393 213 0 0 0 0
1997 stock 8 0 0.0657277 0.0683079 -0.0025802 213 0 0 0 -0
1997 stock 9 0 0.0422535 0.0535053 -0.0112518 213 0 0 0 -0
1997 stock 10 0 0.0610329 0.0407202 0.0203127 213 0 0 0 0
1997 stock 11 0 0.056338 0.0332561 0.023082 213 0 0 0 0
1997 stock 12 0 0.028169 0.0282069 -3.79181e-05 213 0 0 0 -0
1997 stock 13 0 0.0422535 0.0260832 0.0161704 213 0 0 0 0
1997 stock 14 0 0.0516432 0.0270342 0.0246089 213 0 0 0 0
1997 stock 15 0 0.0328638 0.0258074 0.00705641 213 0 0 0 0
1997 stock 16 0 0.0375587 0.0217652 0.0157935 213 0 0 0 0
1997 stock 17 0 0 0.0173504 -0.0173504 213 0 0 0 -0
1997 stock 18 0 0.0140845 0.0135501 0.000534409 213 0 0 0 0
1997 stock 19 0 0.0328638 0.0359055 -0.00304169 213 0 0 0 -0
1998 stock 3 0 0.046875 0.0839495 -0.0370745 192 0 0 0 -0
1998 stock 4 0 0.119792 0.106578 0.0132132 192 0 0 0 0
1998 stock 5 0 0.109375 0.119268 -0.00989295 192 0 0 0 -0
1998 stock 6 0 0.151042 0.135961 0.0150809 192 0 0 0 0
1998 stock 7 0 0.15625 0.141688 0.0145622 192 0 0 0 0
1998 stock 8 0 0.09375 0.0965079 -0.00275788 192 0 0 0 -0
1998 stock 9 0 0.0416667 0.0600437 -0.018377 192 0 0 0 -0
1998 stock 10 0 0.0572917 0.0442228 0.0130688 192 0 0 0 0
1998 stock 11 0 0.03125 0.0333864 -0.00213643 192 0 0 0 -0
1998 stock 12 0 0.0208333 0.0267302 -0.00589687 192 0 0 0 -0
1998 stock 13 0 0.015625 0.0226325 -0.00700749 192 0 0 0 -0
1998 stock 14 0 0.0260417 0.0207684 0.00527328 192 0 0 0 0
1998 stock 15 0 0.015625 0.0209556 -0.0053306 192 0 0 0 -0
1998 stock 16 0 0.0208333 0.0198362 0.000997182 192 0 0 0 0
1998 stock 17 0 0.0260417 0.0167757 0.00926593 192 0 0 0 0
1998 stock 18 0 0.0208333 0.0133352 0.00749814 192 0 0 0 0
1998 stock 19 0 0.046875 0.037361 0.00951402 192 0 0 0 0
1999 stock 3 0 0.0462428 0.061333 -0.0150902 173 0 0 0 -0
1999 stock 4 0 0.0693642 0.096385 -0.0270208 173 0 0 0 -0
1999 stock 5 0 0.132948 0.115417 0.0175312 173 0 0 0 0
1999 stock 6 0 0.115607 0.123547 -0.00794004 173 0 0 0 -0
1999 stock 7 0 0.0867052 0.132636 -0.0459306 173 0 0 0 -0
1999 stock 8 0 0.16185 0.128303 0.0335466 173 0 0 0 0
1999 stock 9 0 0.0924855 0.0859594 0.00652616 173 0 0 0 0
1999 stock 10 0 0.0693642 0.0514029 0.0179612 173 0 0 0 0
1999 stock 11 0 0.0289017 0.0362251 -0.00732337 173 0 0 0 -0
1999 stock 12 0 0.0404624 0.0272171 0.0132453 173 0 0 0 0
1999 stock 13 0 0.0346821 0.0215616 0.0131205 173 0 0 0 0
1999 stock 14 0 0.017341 0.0182396 -0.000898536 173 0 0 0 -0
1999 stock 15 0 0.0115607 0.0166836 -0.0051229 173 0 0 0 -0
1999 stock 16 0 0.0115607 0.0165099 -0.00494924 173 0 0 0 -0
1999 stock 17 0 0.017341 0.0155408 0.00180027 173 0 0 0 0
1999 stock 18 0 0.00578035 0.0132162 -0.00743589 173 0 0 0 -0
1999 stock 19 0 0.0578035 0.0398232 0.0179802 173 0 0 0 0
2000 stock 3 0 0.0900322 0.0913578 -0.00132565 311 0 0 0 -0
2000 stock 4 0 0.0803859 0.0959157 -0.0155298 311 0 0 0 -0
2000 stock 5 0 0.122186 0.126431 -0.00424495 311 0 0 0 -0
2000 stock 6 0 0.160772 0.13154 0.0292317 311 0 0 0 0
2000 stock 7 0 0.109325 0.122513 -0.013188 311 0 0 0 -0
2000 stock 8 0 0.11254 0.11392 -0.00137994 311 0 0 0 -0
2000 stock 9 0 0.0900322 0.0981893 -0.00815717 311 0 0 0 -0
2000 stock 10 0 0.0482315 0.0633577 -0.0151262 311 0 0 0 -0
2000 stock 11 0 0.0546624 0.0363342 0.0183281 311 0 0 0 0
2000 stock 12 0 0.0289389 0.0242466 0.00469234 311 0 0 0 0
2000 stock 13 0 0.0192926 0.0176361 0.00165652 311 0 0 0 0
2000 stock 14 0 0.0096463 0.0134899 -0.00384355 311 0 0 0 -0
2000 stock 15 0 0.0096463 0.01105 -0.00140374 311 0 0 0 -0
2000 stock 16 0 0.0160772 0.0097533 0.00632387 311 0 0 0 0
2000 stock 17 0 0.0128617 0.00922774 0.00363399 311 0 0 0 0
2000 stock 18 0 0.0128617 0.00843534 0.0044264 311 0 0 0 0
2000 stock 19 0 0.022508 0.0266019 -0.0040939 311 0 0 0 -0
2001 stock 3 0 0.0815451 0.0770743 0.00447074 233 0 0 0 0
2001 stock 4 0 0.0643777 0.0980397 -0.033662 233 0 0 0 -0
2001 stock 5 0 0.0643777 0.100038 -0.0356602 233 0 0 0 -0
2001 stock 6 0 0.16309 0.122679 0.0404112 233 0 0 0 0
2001 stock 7 0 0.188841 0.122692 0.0661489 233 0 0 0 0
2001 stock 8 0 0.0858369 0.110536 -0.0246987 233 0 0 0 -0
2001 stock 9 0 0.133047 0.0996637 0.0333835 233 0 0 0 0
2001 stock 10 0 0.0600858 0.0835564 -0.0234705 233 0 0 0 -0
2001 stock 11 0 0.0600858 0.0546591 0.0054267 233 0 0 0 0
2001 stock 12 0 0.0257511 0.0315733 -0.00582228 233 0 0 0 -0
2001 stock 13 0 0.0171674 0.0206354 -0.00346804 233 0 0 0 -0
2001 stock 14 0 0.00858369 0.0148631 -0.00627944 233 0 0 0 -0
2001 stock 15 0 0.0171674 0.0112948 0.00587257 233 0 0 0 0
2001 stock 16 0 0.00429185 0.00918816 -0.00489632 233 0 0 0 -0
2001 stock 17 0 0 0.00804382 -0.00804382 233 0 0 0 -0
2001 stock 18 0 0 0.00747052 -0.00747052 233 0 0 0 -0
2001 stock 19 0 0.0257511 0.0279928 -0.00224176 233 0 0 0 -0
2002 stock 3 0 0.149378 0.119766 0.0296114 241 0 0 0 0
2002 stock 4 0 0.0871369 0.0807246 0.0064123 241 0 0 0 0
2002 stock 5 0 0.0995851 0.0952245 0.00436056 241 0 0 0 0
2002 stock 6 0 0.0705394 0.0953623 -0.0248229 241 0 0 0 -0
2002 stock 7 0 0.120332 0.10906 0.0112716 241 0 0 0 0
2002 stock 8 0 0.0995851 0.10595 -0.00636472 241 0 0 0 -0
2002 stock 9 0 0.06639 0.0938431 -0.0274531 241 0 0 0 -0
2002 stock 10 0 0.0788382 0.082796 -0.00395782 241 0 0 0 -0
2002 stock 11 0 0.0705394 0.0679867 0.00255269 241 0 0 0 0
2002 stock 12 0 0.0622407 0.0450218 0.0172188 241 0 0 0 0
2002 stock 13 0 0.0207469 0.0262615 -0.00551464 241 0 0 0 -0
2002 stock 14 0 0.0207469 0.0168235 0.00392335 241 0 0 0 0
2002 stock 15 0 0.0124481 0.0119459 0.000502221 241 0 0 0 0
2002 stock 16 0 0.00414938 0.00899814 -0.00484876 241 0 0 0 -0
2002 stock 17 0 0 0.00724451 -0.00724451 241 0 0 0 -0
2002 stock 18 0 0 0.00626571 -0.00626571 241 0 0 0 -0
2002 stock 19 0 0.0373444 0.0267251 0.0106193 241 0 0 0 0
2003 stock 3 0 0.126214 0.0915301 0.0346835 103 0 0 0 0
2003 stock 4 0 0.135922 0.123336 0.0125858 103 0 0 0 0
2003 stock 5 0 0.126214 0.0842256 0.041988 103 0 0 0 0
2003 stock 6 0 0.0776699 0.091256 -0.0135861 103 0 0 0 -0
2003 stock 7 0 0.0582524 0.0894001 -0.0311477 103 0 0 0 -0
2003 stock 8 0 0.0873786 0.0964893 -0.0091107 103 0 0 0 -0
2003 stock 9 0 0.0582524 0.0924346 -0.0341822 103 0 0 0 -0
2003 stock 10 0 0.106796 0.0810821 0.025714 103 0 0 0 0
2003 stock 11 0 0.038835 0.0702942 -0.0314592 103 0 0 0 -0
2003 stock 12 0 0.0679612 0.0567755 0.0111857 103 0 0 0 0
2003 stock 13 0 0.00970874 0.0379936 -0.0282849 103 0 0 0 -0
2003 stock 14 0 0.00970874 0.022415 -0.0127063 103 0 0 0 -0
2003 stock 15 0 0 0.0141135 -0.0141135 103 0 0 0 -0
2003 stock 16 0 0.0194175 0.00985843 0.00955905 103 0 0 0 0
2003 stock 17 0 0.0194175 0.00735237 0.0120651 103 0 0 0 0
2003 stock 18 0 0 0.00585013 -0.00585013 103 0 0 0 -0
2003 stock 19 0 0.0582524 0.0255929 0.0326596 103 0 0 0 0
2004 stock 3 0 0.130435 0.139284 -0.00884885 161 0 0 0 -0
2004 stock 4 0 0.0931677 0.095625 -0.00245728 161 0 0 0 -0
2004 stock 5 0 0.142857 0.116152 0.0267051 161 0 0 0 0
2004 stock 6 0 0.0869565 0.080987 0.00596952 161 0 0 0 0
2004 stock 7 0 0.0621118 0.079706 -0.0175942 161 0 0 0 -0
2004 stock 8 0 0.068323 0.0761712 -0.00784823 161 0 0 0 -0
2004 stock 9 0 0.0869565 0.0785213 0.0084352 161 0 0 0 0
2004 stock 10 0 0.0559006 0.0742139 -0.0183132 161 0 0 0 -0
2004 stock 11 0 0.0745342 0.0645585 0.00997567 161 0 0 0 0
2004 stock 12 0 0.0559006 0.0551696 0.000730973 161 0 0 0 0
2004 stock 13 0 0.0434783 0.0440177 -0.000539428 161 0 0 0 -0
2004 stock 14 0 0.0496894 0.0297773 0.0199121 161 0 0 0 0
2004 stock 15 0 0.0124224 0.0178373 -0.00541491 161 0 0 0 -0
2004 stock 16 0 0 0.0111231 -0.0111231 161 0 0 0 -0
2004 stock 17 0 0 0.00766951 -0.00766951 161 0 0 0 -0
2004 stock 18 0 0.0186335 0.00567945 0.0129541 161 0 0 0 0
2004 stock 19 0 0.0186335 0.0235075 -0.00487392 161 0 0 0 -0
2005 stock 3 0 0.361963 0.322631 0.0393324 163 0 0 0 0
2005 stock 4 0 0.0613497 0.112287 -0.0509377 163 0 0 0 -0
2005 stock 5 0 0.0674847 0.0741403 -0.0066556 163 0 0 0 -0
2005 stock 6 0 0.0613497 0.0801738 -0.0188241 163 0 0 0 -0
2005 stock 7 0 0.0552147 0.0567403 -0.00152557 163 0 0 0 -0
2005 stock 8 0 0.0736196 0.0514594 0.0221603 163 0 0 0 0
2005 stock 9 0 0.0613497 0.0487044 0.0126453 163 0 0 0 0
2005 stock 10 0 0.0552147 0.0487774 0.00643734 163 0 0 0 0
2005 stock 11 0 0.0368098 0.0458345 -0.00902472 163 0 0 0 -0
2005 stock 12 0 0.0368098 0.0398542 -0.00304438 163 0 0 0 -0
2005 stock 13 0 0.0245399 0.0338021 -0.00926226 163 0 0 0 -0
2005 stock 14 0 0.0245399 0.0267977 -0.0022578 163 0 0 0 -0
2005 stock 15 0 0.0490798 0.0183556 0.0307241 163 0 0 0 0
2005 stock 16 0 0 0.0111973 -0.0111973 163 0 0 0 -0
2005 stock 17 0 0.0184049 0.00696232 0.0114426 163 0 0 0 0
2005 stock 18 0 0.00613497 0.00474883 0.00138614 163 0 0 0 0
2005 stock 19 0 0.00613497 0.0175337 -0.0113987 163 0 0 0 -0
2006 stock 3 0 0.19802 0.188303 0.00971685 202 0 0 0 0
2006 stock 4 0 0.257426 0.279534 -0.0221082 202 0 0 0 -0
2006 stock 5 0 0.113861 0.10402 0.0098416 202 0 0 0 0
2006 stock 6 0 0.0594059 0.0641026 -0.0046967 202 0 0 0 -0
2006 stock 7 0 0.0346535 0.0624235 -0.02777 202 0 0 0 -0
2006 stock 8 0 0.049505 0.0450732 0.00443171 202 0 0 0 0
2006 stock 9 0 0.0594059 0.0388092 0.0205967 202 0 0 0 0
2006 stock 10 0 0.0346535 0.036509 -0.00185554 202 0 0 0 -0
2006 stock 11 0 0.0544554 0.0357092 0.0187462 202 0 0 0 0
2006 stock 12 0 0.0148515 0.033229 -0.0183776 202 0 0 0 -0
2006 stock 13 0 0.0346535 0.0287204 0.00593303 202 0 0 0 0
2006 stock 14 0 0.0346535 0.0240291 0.0106243 202 0 0 0 0
2006 stock 15 0 0.0148515 0.0188263 -0.00397483 202 0 0 0 -0
2006 stock 16 0 0.0148515 0.0129524 0.00189909 202 0 0 0 0
2006 stock 17 0 0.0049505 0.00797936 -0.00302887 202 0 0 0 -0
2006 stock 18 0 0.0049505 0.00491803 3.24676e-05 202 0 0 0 0
2006 stock 19 0 0.0148515 0.0148618 -1.03329e-05 202 0 0 0 -0
2007 stock 3 0 0.15493 0.149243 0.0056869 213 0 0 0 0
2007 stock 4 0 0.201878 0.181826 0.0200522 213 0 0 0 0
2007 stock 5 0 0.201878 0.24033 -0.0384522 213 0 0 0 -0
2007 stock 6 0 0.107981 0.0984763 0.00950495 213 0 0 0 0
2007 stock 7 0 0.0375587 0.0550113 -0.0174527 213 0 0 0 -0
2007 stock 8 0 0.0751174 0.0488041 0.0263133 213 0 0 0 0
2007 stock 9 0 0.028169 0.0359824 -0.00781341 213 0 0 0 -0
2007 stock 10 0 0.0187793 0.0298738 -0.0110944 213 0 0 0 -0
2007 stock 11 0 0.0422535 0.0278172 0.0144363 213 0 0 0 0
2007 stock 12 0 0.0328638 0.0266793 0.0061846 213 0 0 0 0
2007 stock 13 0 0.028169 0.0245875 0.00358155 213 0 0 0 0
2007 stock 14 0 0.0187793 0.0211502 -0.00237088 213 0 0 0 -0
2007 stock 15 0 0.00938967 0.0175001 -0.00811044 213 0 0 0 -0
2007 stock 16 0 0.00938967 0.0135841 -0.00419447 213 0 0 0 -0
2007 stock 17 0 0.00469484 0.00938805 -0.00469322 213 0 0 0 -0
2007 stock 18 0 0.00469484 0.00584431 -0.00114948 213 0 0 0 -0
2007 stock 19 0 0.0234742 0.0139028 0.0095714 213 0 0 0 0
2008 stock 3 0 0.0643275 0.0738883 -0.00956079 171 0 0 0 -0
2008 stock 4 0 0.169591 0.154036 0.0155547 171 0 0 0 0
2008 stock 5 0 0.152047 0.182923 -0.0308763 171 0 0 0 -0
2008 stock 6 0 0.181287 0.217665 -0.036378 171 0 0 0 -0
2008 stock 7 0 0.105263 0.0973473 0.00791585 171 0 0 0 0
2008 stock 8 0 0.0760234 0.0495746 0.0264488 171 0 0 0 0
2008 stock 9 0 0.0175439 0.0409611 -0.0234173 171 0 0 0 -0
2008 stock 10 0 0.0584795 0.0306889 0.0277907 171 0 0 0 0
2008 stock 11 0 0.0233918 0.0248497 -0.00145793 171 0 0 0 -0
2008 stock 12 0 0.0467836 0.0228323 0.0239513 171 0 0 0 0
2008 stock 13 0 0.0292398 0.0215446 0.00769513 171 0 0 0 0
2008 stock 14 0 0.0116959 0.0196673 -0.00797142 171 0 0 0 -0
2008 stock 15 0 0.0292398 0.0168483 0.0123914 171 0 0 0 0
2008 stock 16 0 0.0116959 0.0138134 -0.00211749 171 0 0 0 -0
2008 stock 17 0 0.00584795 0.0106421 -0.00479419 171 0 0 0 -0
2008 stock 18 0 0.00584795 0.00738436 -0.00153641 171 0 0 0 -0
2008 stock 19 0 0.0116959 0.015334 -0.00363804 171 0 0 0 -0
2009 stock 3 0 0.10989 0.11597 -0.00607959 273 0 0 0 -0
2009 stock 4 0 0.0989011 0.0788959 0.0200052 273 0 0 0 0
2009 stock 5 0 0.18315 0.145291 0.037859 273 0 0 0 0
2009 stock 6 0 0.113553 0.169203 -0.0556502 273 0 0 0 -0
2009 stock 7 0 0.153846 0.182878 -0.029032 273 0 0 0 -0
2009 stock 8 0 0.0805861 0.0881882 -0.00760209 273 0 0 0 -0
2009 stock 9 0 0.043956 0.0422399 0.00171619 273 0 0 0 0
2009 stock 10 0 0.029304 0.0329973 -0.00369331 273 0 0 0 -0
2009 stock 11 0 0.025641 0.0250124 0.000628636 273 0 0 0 0
2009 stock 12 0 0.040293 0.0199774 0.0203156 273 0 0 0 0
2009 stock 13 0 0.021978 0.018097 0.00388099 273 0 0 0 0
2009 stock 14 0 0.029304 0.016861 0.0124431 273 0 0 0 0
2009 stock 15 0 0.021978 0.0152659 0.00671208 273 0 0 0 0
2009 stock 16 0 0.00732601 0.0130375 -0.0057115 273 0 0 0 -0
2009 stock 17 0 0.021978 0.0106153 0.0113627 273 0 0 0 0
2009 stock 18 0 0 0.00813083 -0.00813083 273 0 0 0 -0
2009 stock 19 0 0.018315 0.0173391 0.000975959 273 0 0 0 0
2010 stock 3 0 0.068323 0.107207 -0.0388845 161 0 0 0 -0
2010 stock 4 0 0.136646 0.115095 0.0215506 161 0 0 0 0
2010 stock 5 0 0.068323 0.0819894 -0.0136665 161 0 0 0 -0
2010 stock 6 0 0.149068 0.132989 0.0160793 161 0 0 0 0
2010 stock 7 0 0.136646 0.152265 -0.0156193 161 0 0 0 -0
2010 stock 8 0 0.149068 0.152521 -0.00345245 161 0 0 0 -0
2010 stock 9 0 0.0869565 0.0788899 0.00806666 161 0 0 0 0
2010 stock 10 0 0.0310559 0.0368627 -0.0058068 161 0 0 0 -0
2010 stock 11 0 0.0186335 0.0273173 -0.00868372 161 0 0 0 -0
2010 stock 12 0 0.0248447 0.0207808 0.00406389 161 0 0 0 0
2010 stock 13 0 0.0186335 0.0164154 0.00221811 161 0 0 0 0
2010 stock 14 0 0.0248447 0.0145813 0.0102634 161 0 0 0 0
2010 stock 15 0 0.0248447 0.0133754 0.0114693 161 0 0 0 0
2010 stock 16 0 0 0.0119661 -0.0119661 161 0 0 0 -0
2010 stock 17 0 0.0248447 0.010147 0.0146977 161 0 0 0 0
2010 stock 18 0 0.0124224 0.00818411 0.00423825 161 0 0 0 0
2010 stock 19 0 0.0248447 0.0194127 0.00543205 161 0 0 0 0
2011 stock 3 0 0.135338 0.102222 0.0331167 133 0 0 0 0
2011 stock 4 0 0.075188 0.110443 -0.0352551 133 0 0 0 -0
2011 stock 5 0 0.112782 0.110628 0.00215377 133 0 0 0 0
2011 stock 6 0 0.0451128 0.0822248 -0.037112 133 0 0 0 -0
2011 stock 7 0 0.150376 0.117785 0.0325911 133 0 0 0 0
2011 stock 8 0 0.165414 0.133106 0.0323072 133 0 0 0 0
2011 stock 9 0 0.12782 0.126635 0.00118489 133 0 0 0 0
2011 stock 10 0 0.037594 0.0695065 -0.0319125 133 0 0 0 -0
2011 stock 11 0 0.0150376 0.0324303 -0.0173927 133 0 0 0 -0
2011 stock 12 0 0.0225564 0.0227895 -0.00023309 133 0 0 0 -0
2011 stock 13 0 0.0150376 0.0172999 -0.00226233 133 0 0 0 -0
2011 stock 14 0 0.0225564 0.0135728 0.00898359 133 0 0 0 0
2011 stock 15 0 0.0075188 0.0118271 -0.00430827 133 0 0 0 -0
2011 stock 16 0 0.0225564 0.0106935 0.0118629 133 0 0 0 0
2011 stock 17 0 0 0.00946165 -0.00946165 133 0 0 0 -0
2011 stock 18 0 0.0150376 0.00796906 0.00706853 133 0 0 0 0
2011 stock 19 0 0.0300752 0.0214062 0.00866898 133 0 0 0 0
2012 stock 3 0 0.129771 0.120542 0.00922918 131 0 0 0 0
2012 stock 4 0 0.122137 0.103692 0.0184457 131 0 0 0 0
2012 stock 5 0 0.0992366 0.106559 -0.00732189 131 0 0 0 -0
2012 stock 6 0 0.0687023 0.100853 -0.0321503 131 0 0 0 -0
2012 stock 7 0 0.0763359 0.0770356 -0.00069969 131 0 0 0 -0
2012 stock 8 0 0.0763359 0.0994916 -0.0231557 131 0 0 0 -0
2012 stock 9 0 0.145038 0.111715 0.0333235 131 0 0 0 0
2012 stock 10 0 0.10687 0.10241 0.00446057 131 0 0 0 0
2012 stock 11 0 0.0763359 0.058989 0.0173469 131 0 0 0 0
2012 stock 12 0 0.0152672 0.0279281 -0.0126609 131 0 0 0 -0
2012 stock 13 0 0.0152672 0.0186044 -0.00333725 131 0 0 0 -0
2012 stock 14 0 0.0152672 0.0140033 0.00126386 131 0 0 0 0
2012 stock 15 0 0.0152672 0.0109242 0.00434299 131 0 0 0 0
2012 stock 16 0 0.0152672 0.00933996 0.00592722 131 0 0 0 0
2012 stock 17 0 0 0.00832164 -0.00832164 131 0 0 0 -0
2012 stock 18 0 0 0.00728186 -0.00728186 131 0 0 0 -0
2012 stock 19 0 0.0229008 0.0223114 0.0005894 131 0 0 0 0
*end

*observation[chatOBSwst]
observation_type: process_removals_by_age
likelihood: multinomial
Values {dataframe}
year category age length observed expected residual error_value process_error adjusted_error neglogLike pearsons_residuals
1992 stock 3 0 0.148148 0.0778557 0.0702924 27 0 0 0 0
1992 stock 4 0 0.185185 0.111233 0.0739524 27 0 0 0 0
1992 stock 5 0 0.0740741 0.0966672 -0.0225931 27 0 0 0 -0
1992 stock 6 0 0.148148 0.109967 0.0381813 27 0 0 0 0
1992 stock 7 0 0.0740741 0.0899551 -0.015881 27 0 0 0 -0
1992 stock 8 0 0.0740741 0.0829736 -0.00889952 27 0 0 0 -0
1992 stock 9 0 0.0740741 0.100082 -0.0260078 27 0 0 0 -0
1992 stock 10 0 0.111111 0.0913187 0.0197924 27 0 0 0 0
1992 stock 11 0 0 0.0705535 -0.0705535 27 0 0 0 -0
1992 stock 12 0 0.037037 0.0529014 -0.0158644 27 0 0 0 -0
1992 stock 13 0 0 0.0386286 -0.0386286 27 0 0 0 -0
1992 stock 14 0 0.037037 0.0274388 0.00959823 27 0 0 0 0
1992 stock 15 0 0 0.0189398 -0.0189398 27 0 0 0 -0
1992 stock 16 0 0 0.0125988 -0.0125988 27 0 0 0 -0
1992 stock 17 0 0.037037 0.00792821 0.0291088 27 0 0 0 0
1992 stock 18 0 0 0.00465078 -0.00465078 27 0 0 0 -0
1992 stock 19 0 0 0.00630824 -0.00630824 27 0 0 0 -0
1994 stock 3 0 0.111111 0.168697 -0.0575858 9 0 0 0 -0
1994 stock 4 0 0.111111 0.142064 -0.0309533 9 0 0 0 -0
1994 stock 5 0 0 0.10996 -0.10996 9 0 0 0 -0
1994 stock 6 0 0.333333 0.108463 0.22487 9 0 0 0 0
1994 stock 7 0 0.222222 0.0795432 0.142679 9 0 0 0 0
1994 stock 8 0 0 0.0706015 -0.0706015 9 0 0 0 -0
1994 stock 9 0 0 0.0565071 -0.0565071 9 0 0 0 -0
1994 stock 10 0 0 0.0495732 -0.0495732 9 0 0 0 -0
1994 stock 11 0 0 0.0527421 -0.0527421 9 0 0 0 -0
1994 stock 12 0 0.111111 0.0473858 0.0637253 9 0 0 0 0
1994 stock 13 0 0.111111 0.0358837 0.0752274 9 0 0 0 0
1994 stock 14 0 0 0.0259609 -0.0259609 9 0 0 0 -0
1994 stock 15 0 0 0.0183232 -0.0183232 9 0 0 0 -0
1994 stock 16 0 0 0.0126035 -0.0126035 9 0 0 0 -0
1994 stock 17 0 0 0.00843427 -0.00843427 9 0 0 0 -0
1994 stock 18 0 0 0.00545396 -0.00545396 9 0 0 0 -0
1994 stock 19 0 0 0.00780291 -0.00780291 9 0 0 0 -0
1995 stock 3 0 0.0909091 0.12992 -0.039011 11 0 0 0 -0
1995 stock 4 0 0.363636 0.202863 0.160773 11 0 0 0 0
1995 stock 5 0 0.181818 0.149515 0.0323031 11 0 0 0 0
1995 stock 6 0 0.0909091 0.102351 -0.0114415 11 0 0 0 -0
1995 stock 7 0 0.0909091 0.0862148 0.00469428 11 0 0 0 0
1995 stock 8 0 0.0909091 0.0621877 0.0287214 11 0 0 0 0
1995 stock 9 0 0 0.0515739 -0.0515739 11 0 0 0 -0
1995 stock 10 0 0.0909091 0.0408605 0.0500486 11 0 0 0 0
1995 stock 11 0 0 0.0348632 -0.0348632 11 0 0 0 -0
1995 stock 12 0 0 0.0351702 -0.0351702 11 0 0 0 -0
1995 stock 13 0 0 0.0312256 -0.0312256 11 0 0 0 -0
1995 stock 14 0 0 0.0235464 -0.0235464 11 0 0 0 -0
1995 stock 15 0 0 0.0167931 -0.0167931 11 0 0 0 -0
1995 stock 16 0 0 0.0116831 -0.0116831 11 0 0 0 -0
1995 stock 17 0 0 0.00793033 -0.00793033 11 0 0 0 -0
1995 stock 18 0 0 0.00524044 -0.00524044 11 0 0 0 -0
1995 stock 19 0 0 0.00806174 -0.00806174 11 0 0 0 -0
1996 stock 3 0 0 0.108258 -0.108258 11 0 0 0 -0
1996 stock 4 0 0.454545 0.162984 0.291562 11 0 0 0 0
1996 stock 5 0 0.0909091 0.209534 -0.118625 11 0 0 0 -0
1996 stock 6 0 0.181818 0.139888 0.0419305 11 0 0 0 0
1996 stock 7 0 0.0909091 0.0862227 0.00468641 11 0 0 0 0
1996 stock 8 0 0.0909091 0.0659092 0.0249999 11 0 0 0 0
1996 stock 9 0 0 0.0471041 -0.0471041 11 0 0 0 -0
1996 stock 10 0 0 0.0369349 -0.0369349 11 0 0 0 -0
1996 stock 11 0 0 0.0289054 -0.0289054 11 0 0 0 -0
1996 stock 12 0 0 0.02409 -0.02409 11 0 0 0 -0
1996 stock 13 0 0.0909091 0.0232023 0.0677068 11 0 0 0 0
1996 stock 14 0 0 0.0203299 -0.0203299 11 0 0 0 -0
1996 stock 15 0 0 0.0153062 -0.0153062 11 0 0 0 -0
1996 stock 16 0 0 0.0107936 -0.0107936 11 0 0 0 -0
1996 stock 17 0 0 0.00741435 -0.00741435 11 0 0 0 -0
1996 stock 18 0 0 0.00497268 -0.00497268 11 0 0 0 -0
1996 stock 19 0 0 0.0081507 -0.0081507 11 0 0 0 -0
1997 stock 3 0 0 0.0984891 -0.0984891 7 0 0 0 -0
1997 stock 4 0 0 0.138444 -0.138444 7 0 0 0 -0
1997 stock 5 0 0.142857 0.17602 -0.0331624 7 0 0 0 -0
1997 stock 6 0 0 0.190633 -0.190633 7 0 0 0 -0
1997 stock 7 0 0.571429 0.119404 0.452025 7 0 0 0 0
1997 stock 8 0 0 0.0696301 -0.0696301 7 0 0 0 -0
1997 stock 9 0 0 0.049789 -0.049789 7 0 0 0 -0
1997 stock 10 0 0.142857 0.0351785 0.107679 7 0 0 0 0
1997 stock 11 0 0 0.0264156 -0.0264156 7 0 0 0 -0
1997 stock 12 0 0 0.0204153 -0.0204153 7 0 0 0 -0
1997 stock 13 0 0 0.0166994 -0.0166994 7 0 0 0 -0
1997 stock 14 0 0 0.0154474 -0.0154474 7 0 0 0 -0
1997 stock 15 0 0 0.0133475 -0.0133475 7 0 0 0 -0
1997 stock 16 0 0.142857 0.010048 0.132809 7 0 0 0 0
1997 stock 17 0 0 0.00702695 -0.00702695 7 0 0 0 -0
1997 stock 18 0 0 0.00477208 -0.00477208 7 0 0 0 -0
1997 stock 19 0 0 0.00824067 -0.00824067 7 0 0 0 -0
1998 stock 3 0 0.0909091 0.085071 0.00583809 55 0 0 0 0
1998 stock 4 0 0.163636 0.12919 0.0344463 55 0 0 0 0
1998 stock 5 0 0.163636 0.153848 0.00978858 55 0 0 0 0
1998 stock 6 0 0.109091 0.167855 -0.058764 55 0 0 0 -0
1998 stock 7 0 0.109091 0.159091 -0.0500002 55 0 0 0 -0
1998 stock 8 0 0.127273 0.0991184 0.0281543 55 0 0 0 0
1998 stock 9 0 0.109091 0.0560706 0.0530203 55 0 0 0 0
1998 stock 10 0 0.0363636 0.0380378 -0.00167414 55 0 0 0 -0
1998 stock 11 0 0.0181818 0.0265305 -0.00834868 55 0 0 0 -0
1998 stock 12 0 0.0181818 0.0193039 -0.0011221 55 0 0 0 -0
1998 stock 13 0 0 0.0147055 -0.0147055 55 0 0 0 -0
1998 stock 14 0 0.0181818 0.0118229 0.00635897 55 0 0 0 0
1998 stock 15 0 0 0.0105403 -0.0105403 55 0 0 0 -0
1998 stock 16 0 0.0181818 0.0089644 0.00921742 55 0 0 0 0
1998 stock 17 0 0 0.00674143 -0.00674143 55 0 0 0 -0
1998 stock 18 0 0.0181818 0.00468065 0.0135012 55 0 0 0 0
1998 stock 19 0 0 0.00842892 -0.00842892 55 0 0 0 -0
1999 stock 3 0 0.133333 0.0616944 0.071639 30 0 0 0 0
1999 stock 4 0 0.0333333 0.115911 -0.082578 30 0 0 0 -0
1999 stock 5 0 0.1 0.148104 -0.0481039 30 0 0 0 -0
1999 stock 6 0 0.2 0.152849 0.0471505 30 0 0 0 0
1999 stock 7 0 0.1 0.148602 -0.0486021 30 0 0 0 -0
1999 stock 8 0 0.133333 0.132104 0.00122891 30 0 0 0 0
1999 stock 9 0 0.1 0.0829249 0.0170751 30 0 0 0 0
1999 stock 10 0 0.166667 0.0460385 0.120628 30 0 0 0 0
1999 stock 11 0 0 0.0299293 -0.0299293 30 0 0 0 -0
1999 stock 12 0 0.0333333 0.0205614 0.0127719 30 0 0 0 0
1999 stock 13 0 0 0.0146033 -0.0146033 30 0 0 0 -0
1999 stock 14 0 0 0.0109314 -0.0109314 30 0 0 0 -0
1999 stock 15 0 0 0.00863187 -0.00863187 30 0 0 0 -0
1999 stock 16 0 0 0.00743175 -0.00743175 30 0 0 0 -0
1999 stock 17 0 0 0.00620749 -0.00620749 30 0 0 0 -0
1999 stock 18 0 0 0.00465336 -0.00465336 30 0 0 0 -0
1999 stock 19 0 0 0.00882113 -0.00882113 30 0 0 0 -0
2000 stock 3 0 0 0.0630903 -0.0630903 31 0 0 0 -0
2000 stock 4 0 0.129032 0.0885382 0.0404941 31 0 0 0 0
2000 stock 5 0 0.16129 0.13702 0.0242698 31 0 0 0 0
2000 stock 6 0 0.290323 0.150781 0.139541 31 0 0 0 0
2000 stock 7 0 0.0967742 0.139387 -0.0426127 31 0 0 0 -0
2000 stock 8 0 0.0322581 0.12744 -0.0951824 31 0 0 0 -0
2000 stock 9 0 0.0967742 0.107605 -0.0108312 31 0 0 0 -0
2000 stock 10 0 0.0645161 0.0674618 -0.00294567 31 0 0 0 -0
2000 stock 11 0 0.0645161 0.0367761 0.02774 31 0 0 0 0
2000 stock 12 0 0.0322581 0.0229395 0.00931861 31 0 0 0 0
2000 stock 13 0 0 0.0154605 -0.0154605 31 0 0 0 -0
2000 stock 14 0 0 0.0107797 -0.0107797 31 0 0 0 -0
2000 stock 15 0 0 0.00793988 -0.00793988 31 0 0 0 -0
2000 stock 16 0 0 0.0061828 -0.0061828 31 0 0 0 -0
2000 stock 17 0 0 0.00517933 -0.00517933 31 0 0 0 -0
2000 stock 18 0 0 0.00426044 -0.00426044 31 0 0 0 -0
2000 stock 19 0 0.0322581 0.00915677 0.0231013 31 0 0 0 0
2001 stock 3 0 0.03125 0.0536289 -0.0223789 32 0 0 0 -0
2001 stock 4 0 0.03125 0.0901687 -0.0589187 32 0 0 0 -0
2001 stock 5 0 0.21875 0.108677 0.110073 32 0 0 0 0
2001 stock 6 0 0.1875 0.141044 0.0464563 32 0 0 0 0
2001 stock 7 0 0.15625 0.139647 0.0166033 32 0 0 0 0
2001 stock 8 0 0.0625 0.123496 -0.0609964 32 0 0 0 -0
2001 stock 9 0 0.15625 0.108408 0.0478423 32 0 0 0 0
2001 stock 10 0 0.03125 0.0879998 -0.0567498 32 0 0 0 -0
2001 stock 11 0 0.03125 0.0553132 -0.0240632 32 0 0 0 -0
2001 stock 12 0 0 0.0300054 -0.0300054 32 0 0 0 -0
2001 stock 13 0 0.03125 0.0180905 0.0131595 32 0 0 0 0
2001 stock 14 0 0 0.0119312 -0.0119312 32 0 0 0 -0
2001 stock 15 0 0 0.00817804 -0.00817804 32 0 0 0 -0
2001 stock 16 0 0.03125 0.00591253 0.0253375 32 0 0 0 0
2001 stock 17 0 0 0.00452625 -0.00452625 32 0 0 0 -0
2001 stock 18 0 0 0.00368837 -0.00368837 32 0 0 0 -0
2001 stock 19 0 0.03125 0.00928596 0.021964 32 0 0 0 0
2002 stock 3 0 0 0.085233 -0.085233 23 0 0 0 -0
2002 stock 4 0 0 0.0766355 -0.0766355 23 0 0 0 -0
2002 stock 5 0 0.173913 0.106011 0.0679018 23 0 0 0 0
2002 stock 6 0 0.173913 0.111888 0.0620251 23 0 0 0 0
2002 stock 7 0 0.130435 0.126524 0.0039105 23 0 0 0 0
2002 stock 8 0 0.173913 0.120484 0.0534288 23 0 0 0 0
2002 stock 9 0 0.0434783 0.103684 -0.0602053 23 0 0 0 -0
2002 stock 10 0 0.130435 0.0879148 0.04252 23 0 0 0 0
2002 stock 11 0 0.0434783 0.069147 -0.0256688 23 0 0 0 -0
2002 stock 12 0 0.0869565 0.0436362 0.0433203 23 0 0 0 0
2002 stock 13 0 0 0.0237268 -0.0237268 23 0 0 0 -0
2002 stock 14 0 0 0.0138878 -0.0138878 23 0 0 0 -0
2002 stock 15 0 0.0434783 0.00894398 0.0345343 23 0 0 0 0
2002 stock 16 0 0 0.00602813 -0.00602813 23 0 0 0 -0
2002 stock 17 0 0 0.00427512 -0.00427512 23 0 0 0 -0
2002 stock 18 0 0 0.00321118 -0.00321118 23 0 0 0 -0
2002 stock 19 0 0 0.00876899 -0.00876899 23 0 0 0 -0
2003 stock 3 0 0.0714286 0.0665567 0.00487189 14 0 0 0 0
2003 stock 4 0 0.0714286 0.117045 -0.0456167 14 0 0 0 -0
2003 stock 5 0 0.0714286 0.0939871 -0.0225586 14 0 0 0 -0
2003 stock 6 0 0 0.108007 -0.108007 14 0 0 0 -0
2003 stock 7 0 0.142857 0.104268 0.0385895 14 0 0 0 0
2003 stock 8 0 0.0714286 0.109975 -0.038546 14 0 0 0 -0
2003 stock 9 0 0.0714286 0.102359 -0.0309302 14 0 0 0 -0
2003 stock 10 0 0.142857 0.0861792 0.056678 14 0 0 0 0
2003 stock 11 0 0 0.0709636 -0.0709636 14 0 0 0 -0
2003 stock 12 0 0.214286 0.0543926 0.159893 14 0 0 0 0
2003 stock 13 0 0.0714286 0.034428 0.0370006 14 0 0 0 0
2003 stock 14 0 0 0.018802 -0.018802 14 0 0 0 -0
2003 stock 15 0 0.0714286 0.0107081 0.0607205 14 0 0 0 0
2003 stock 16 0 0 0.0067081 -0.0067081 14 0 0 0 -0
2003 stock 17 0 0 0.00443327 -0.00443327 14 0 0 0 -0
2003 stock 18 0 0 0.00307542 -0.00307542 14 0 0 0 -0
2003 stock 19 0 0 0.00811246 -0.00811246 14 0 0 0 -0
2004 stock 3 0 0 0.0998386 -0.0998386 15 0 0 0 -0
2004 stock 4 0 0 0.0920034 -0.0920034 15 0 0 0 -0
2004 stock 5 0 0.2 0.130825 0.0691748 15 0 0 0 0
2004 stock 6 0 0 0.0965628 -0.0965628 15 0 0 0 -0
2004 stock 7 0 0.2 0.0947994 0.105201 15 0 0 0 0
2004 stock 8 0 0 0.0890941 -0.0890941 15 0 0 0 -0
2004 stock 9 0 0.0666667 0.0895876 -0.0229209 15 0 0 0 -0
2004 stock 10 0 0.133333 0.0817266 0.0516067 15 0 0 0 0
2004 stock 11 0 0.133333 0.0675664 0.0657669 15 0 0 0 0
2004 stock 12 0 0.0666667 0.0542579 0.0124088 15 0 0 0 0
2004 stock 13 0 0.133333 0.0406772 0.0926561 15 0 0 0 0
2004 stock 14 0 0 0.0257891 -0.0257891 15 0 0 0 -0
2004 stock 15 0 0 0.0141656 -0.0141656 15 0 0 0 -0
2004 stock 16 0 0 0.00788262 -0.00788262 15 0 0 0 -0
2004 stock 17 0 0 0.00479773 -0.00479773 15 0 0 0 -0
2004 stock 18 0 0 0.00310252 -0.00310252 15 0 0 0 -0
2004 stock 19 0 0.0666667 0.00732331 0.0593434 15 0 0 0 0
2005 stock 3 0 0.235294 0.244796 -0.00950161 17 0 0 0 -0
2005 stock 4 0 0.176471 0.113846 0.0626246 17 0 0 0 0
2005 stock 5 0 0.117647 0.0908117 0.0268353 17 0 0 0 0
2005 stock 6 0 0 0.105247 -0.105247 17 0 0 0 -0
2005 stock 7 0 0.117647 0.0738852 0.0437618 17 0 0 0 0
2005 stock 8 0 0.117647 0.0656432 0.0520038 17 0 0 0 0
2005 stock 9 0 0 0.0602804 -0.0602804 17 0 0 0 -0
2005 stock 10 0 0.117647 0.0578285 0.0598185 17 0 0 0 0
2005 stock 11 0 0.0588235 0.0515459 0.00727768 17 0 0 0 0
2005 stock 12 0 0 0.041895 -0.041895 17 0 0 0 -0
2005 stock 13 0 0 0.0329134 -0.0329134 17 0 0 0 -0
2005 stock 14 0 0 0.0242256 -0.0242256 17 0 0 0 -0
2005 stock 15 0 0 0.0153941 -0.0153941 17 0 0 0 -0
2005 stock 16 0 0 0.00853352 -0.00853352 17 0 0 0 -0
2005 stock 17 0 0.0588235 0.00468083 0.0541427 17 0 0 0 0
2005 stock 18 0 0 0.00277873 -0.00277873 17 0 0 0 -0
2005 stock 19 0 0 0.00569552 -0.00569552 17 0 0 0 -0
2006 stock 3 0 0.125 0.146283 -0.0212828 8 0 0 0 -0
2006 stock 4 0 0.25 0.280239 -0.0302391 8 0 0 0 -0
2006 stock 5 0 0 0.120746 -0.120746 8 0 0 0 -0
2006 stock 6 0 0.125 0.0798455 0.0451545 8 0 0 0 0
2006 stock 7 0 0 0.0770474 -0.0770474 8 0 0 0 -0
2006 stock 8 0 0.125 0.0543522 0.0706478 8 0 0 0 0
2006 stock 9 0 0.25 0.0451799 0.20482 8 0 0 0 0
2006 stock 10 0 0.125 0.0406512 0.0843488 8 0 0 0 0
2006 stock 11 0 0 0.0376592 -0.0376592 8 0 0 0 -0
2006 stock 12 0 0 0.0330295 -0.0330295 8 0 0 0 -0
2006 stock 13 0 0 0.0266002 -0.0266002 8 0 0 0 -0
2006 stock 14 0 0 0.0205894 -0.0205894 8 0 0 0 -0
2006 stock 15 0 0 0.0149643 -0.0149643 8 0 0 0 -0
2006 stock 16 0 0 0.00954934 -0.00954934 8 0 0 0 -0
2006 stock 17 0 0 0.00535814 -0.00535814 8 0 0 0 -0
2006 stock 18 0 0 0.00291884 -0.00291884 8 0 0 0 -0
2006 stock 19 0 0 0.00498731 -0.00498731 8 0 0 0 -0
2008 stock 3 0 0 0.0524238 -0.0524238 19 0 0 0 -0
2008 stock 4 0 0 0.142324 -0.142324 19 0 0 0 -0
2008 stock 5 0 0.105263 0.198541 -0.0932774 19 0 0 0 -0
2008 stock 6 0 0.526316 0.249212 0.277104 19 0 0 0 0
2008 stock 7 0 0.0526316 0.110648 -0.0580168 19 0 0 0 -0
2008 stock 8 0 0.105263 0.0549542 0.050309 19 0 0 0 0
2008 stock 9 0 0 0.0442054 -0.0442054 19 0 0 0 -0
2008 stock 10 0 0.0526316 0.0319103 0.0207212 19 0 0 0 0
2008 stock 11 0 0 0.024359 -0.024359 19 0 0 0 -0
2008 stock 12 0 0 0.0209159 -0.0209159 19 0 0 0 -0
2008 stock 13 0 0 0.0182913 -0.0182913 19 0 0 0 -0
2008 stock 14 0 0 0.0154262 -0.0154262 19 0 0 0 -0
2008 stock 15 0 0.0526316 0.0120944 0.0405372 19 0 0 0 0
2008 stock 16 0 0.0526316 0.00901798 0.0436136 19 0 0 0 0
2008 stock 17 0 0 0.00634031 -0.00634031 19 0 0 0 -0
2008 stock 18 0 0 0.00402255 -0.00402255 19 0 0 0 -0
2008 stock 19 0 0.0526316 0.00531383 0.0473177 19 0 0 0 0
2009 stock 3 0 0.0833333 0.0796489 0.00368439 12 0 0 0 0
2009 stock 4 0 0.166667 0.0736873 0.0929794 12 0 0 0 0
2009 stock 5 0 0.166667 0.158286 0.00838055 12 0 0 0 0
2009 stock 6 0 0.0833333 0.193959 -0.110626 12 0 0 0 -0
2009 stock 7 0 0.166667 0.207991 -0.0413242 12 0 0 0 -0
2009 stock 8 0 0.166667 0.0989336 0.067733 12 0 0 0 0
2009 stock 9 0 0 0.0458067 -0.0458067 12 0 0 0 -0
2009 stock 10 0 0 0.0343479 -0.0343479 12 0 0 0 -0
2009 stock 11 0 0 0.0247567 -0.0247567 12 0 0 0 -0
2009 stock 12 0 0 0.0183531 -0.0183531 12 0 0 0 -0
2009 stock 13 0 0 0.0153175 -0.0153175 12 0 0 0 -0
2009 stock 14 0 0 0.013071 -0.013071 12 0 0 0 -0
2009 stock 15 0 0.0833333 0.0108171 0.0725162 12 0 0 0 0
2009 stock 16 0 0 0.00838085 -0.00838085 12 0 0 0 -0
2009 stock 17 0 0 0.00615676 -0.00615676 12 0 0 0 -0
2009 stock 18 0 0.0833333 0.00427062 0.0790627 12 0 0 0 0
2009 stock 19 0 0 0.00621574 -0.00621574 12 0 0 0 -0
2010 stock 3 0 0 0.0761818 -0.0761818 12 0 0 0 -0
2010 stock 4 0 0.166667 0.106917 0.0597498 12 0 0 0 0
2010 stock 5 0 0.0833333 0.090074 -0.00674067 12 0 0 0 -0
2010 stock 6 0 0.0833333 0.153871 -0.0705372 12 0 0 0 -0
2010 stock 7 0 0.333333 0.17283 0.160503 12 0 0 0 0
2010 stock 8 0 0.0833333 0.169929 -0.0865959 12 0 0 0 -0
2010 stock 9 0 0.0833333 0.0861126 -0.00277922 12 0 0 0 -0
2010 stock 10 0 0.0833333 0.0382689 0.0450644 12 0 0 0 0
2010 stock 11 0 0 0.0268128 -0.0268128 12 0 0 0 -0
2010 stock 12 0 0 0.0192075 -0.0192075 12 0 0 0 -0
2010 stock 13 0 0 0.0139612 -0.0139612 12 0 0 0 -0
2010 stock 14 0 0 0.0113277 -0.0113277 12 0 0 0 -0
2010 stock 15 0 0 0.00946031 -0.00946031 12 0 0 0 -0
2010 stock 16 0 0.0833333 0.00769537 0.075638 12 0 0 0 0
2010 stock 17 0 0 0.00589975 -0.00589975 12 0 0 0 -0
2010 stock 18 0 0 0.00428077 -0.00428077 12 0 0 0 -0
2010 stock 19 0 0 0.00717066 -0.00717066 12 0 0 0 -0
2011 stock 3 0 0 0.072613 -0.072613 9 0 0 0 -0
2011 stock 4 0 0.111111 0.104029 0.00708258 9 0 0 0 0
2011 stock 5 0 0 0.121648 -0.121648 9 0 0 0 -0
2011 stock 6 0 0 0.0951958 -0.0951958 9 0 0 0 -0
2011 stock 7 0 0.444444 0.134754 0.30969 9 0 0 0 0
2011 stock 8 0 0.222222 0.148553 0.0736694 9 0 0 0 0
2011 stock 9 0 0.222222 0.137961 0.0842611 9 0 0 0 0
2011 stock 10 0 0 0.073703 -0.073703 9 0 0 0 -0
2011 stock 11 0 0 0.0323125 -0.0323125 9 0 0 0 -0
2011 stock 12 0 0 0.0211381 -0.0211381 9 0 0 0 -0
2011 stock 13 0 0 0.014934 -0.014934 9 0 0 0 -0
2011 stock 14 0 0 0.0106578 -0.0106578 9 0 0 0 -0
2011 stock 15 0 0 0.00837353 -0.00837353 9 0 0 0 -0
2011 stock 16 0 0 0.00682117 -0.00682117 9 0 0 0 -0
2011 stock 17 0 0 0.00543665 -0.00543665 9 0 0 0 -0
2011 stock 18 0 0 0.00410915 -0.00410915 9 0 0 0 -0
2011 stock 19 0 0 0.0077612 -0.0077612 9 0 0 0 -0
*end

*observation[chatOBSest]
observation_type: process_removals_by_age
likelihood: multinomial
Values {dataframe}
year category age length observed expected residual error_value process_error adjusted_error neglogLike pearsons_residuals
1992 stock 4 0 0 0.0188983 -0.0188983 19 0 0 0 -0
1992 stock 5 0 0.0526316 0.0259018 0.0267297 19 0 0 0 0
1992 stock 6 0 0.0526316 0.0456158 0.00701582 19 0 0 0 0
1992 stock 7 0 0.157895 0.0576552 0.10024 19 0 0 0 0
1992 stock 8 0 0.105263 0.0829553 0.0223079 19 0 0 0 0
1992 stock 9 0 0.210526 0.130235 0.0802913 19 0 0 0 0
1992 stock 10 0 0.105263 0.139742 -0.0344787 19 0 0 0 -0
1992 stock 11 0 0.105263 0.123343 -0.0180799 19 0 0 0 -0
1992 stock 12 0 0.0526316 0.101977 -0.0493458 19 0 0 0 -0
1992 stock 13 0 0.0526316 0.0807953 -0.0281637 19 0 0 0 -0
1992 stock 14 0 0.0526316 0.0617561 -0.00912453 19 0 0 0 -0
1992 stock 15 0 0 0.0455313 -0.0455313 19 0 0 0 -0
1992 stock 16 0 0 0.032086 -0.032086 19 0 0 0 -0
1992 stock 17 0 0 0.0212129 -0.0212129 19 0 0 0 -0
1992 stock 18 0 0 0.0130013 -0.0130013 19 0 0 0 -0
1992 stock 19 0 0.0526316 0.00760239 0.0450292 19 0 0 0 0
1992 stock 20 0 0 0.00449856 -0.00449856 19 0 0 0 -0
1992 stock 21 0 0 0.00719252 -0.00719252 19 0 0 0 -0
1995 stock 4 0 0 0.0466828 -0.0466828 18 0 0 0 -0
1995 stock 5 0 0.0555556 0.0516726 0.00388292 18 0 0 0 0
1995 stock 6 0 0.0555556 0.0568291 -0.0012735 18 0 0 0 -0
1995 stock 7 0 0.111111 0.0742402 0.0368709 18 0 0 0 0
1995 stock 8 0 0.0555556 0.0783165 -0.0227609 18 0 0 0 -0
1995 stock 9 0 0.0555556 0.0880308 -0.0324753 18 0 0 0 -0
1995 stock 10 0 0.0555556 0.0847127 -0.0291571 18 0 0 0 -0
1995 stock 11 0 0.222222 0.0848491 0.137373 18 0 0 0 0
1995 stock 12 0 0.0555556 0.0943395 -0.0387839 18 0 0 0 -0
1995 stock 13 0 0.111111 0.0895051 0.021606 18 0 0 0 0
1995 stock 14 0 0.0555556 0.0722591 -0.0167035 18 0 0 0 -0
1995 stock 15 0 0.0555556 0.0550745 0.000481046 18 0 0 0 0
1995 stock 16 0 0.111111 0.0406845 0.0704266 18 0 0 0 0
1995 stock 17 0 0 0.0291286 -0.0291286 18 0 0 0 -0
1995 stock 18 0 0 0.0201678 -0.0201678 18 0 0 0 -0
1995 stock 19 0 0 0.0134179 -0.0134179 18 0 0 0 -0
1995 stock 20 0 0 0.00847995 -0.00847995 18 0 0 0 -0
1995 stock 21 0 0 0.0116093 -0.0116093 18 0 0 0 -0
1997 stock 4 0 0 0.0358568 -0.0358568 15 0 0 0 -0
1997 stock 5 0 0.0666667 0.0706782 -0.00401153 15 0 0 0 -0
1997 stock 6 0 0.133333 0.114605 0.0187282 15 0 0 0 0
1997 stock 7 0 0.2 0.106825 0.093175 15 0 0 0 0
1997 stock 8 0 0 0.0937064 -0.0937064 15 0 0 0 -0
1997 stock 9 0 0.133333 0.0913248 0.0420086 15 0 0 0 0
1997 stock 10 0 0.0666667 0.0790741 -0.0124075 15 0 0 0 -0
1997 stock 11 0 0.0666667 0.0690491 -0.00238239 15 0 0 0 -0
1997 stock 12 0 0.0666667 0.0589725 0.00769413 15 0 0 0 0
1997 stock 13 0 0.0666667 0.0532291 0.0134376 15 0 0 0 0
1997 stock 14 0 0 0.053171 -0.053171 15 0 0 0 -0
1997 stock 15 0 0.0666667 0.0485432 0.0181235 15 0 0 0 0
1997 stock 16 0 0.0666667 0.0385181 0.0281486 15 0 0 0 0
1997 stock 17 0 0 0.0283798 -0.0283798 15 0 0 0 -0
1997 stock 18 0 0 0.0202023 -0.0202023 15 0 0 0 -0
1997 stock 19 0 0.0666667 0.0139569 0.0527098 15 0 0 0 0
1997 stock 20 0 0 0.0093385 -0.0093385 15 0 0 0 -0
1997 stock 21 0 0 0.0145691 -0.0145691 15 0 0 0 -0
1998 stock 4 0 0.0434783 0.0322099 0.0112684 23 0 0 0 0
1998 stock 5 0 0.0869565 0.059166 0.0277905 23 0 0 0 0
1998 stock 6 0 0.173913 0.102491 0.0714224 23 0 0 0 0
1998 stock 7 0 0.173913 0.144197 0.029716 23 0 0 0 0
1998 stock 8 0 0.173913 0.124482 0.0494314 23 0 0 0 0
1998 stock 9 0 0 0.0970346 -0.0970346 23 0 0 0 -0
1998 stock 10 0 0.0434783 0.0827449 -0.0392667 23 0 0 0 -0
1998 stock 11 0 0 0.066236 -0.066236 23 0 0 0 -0
1998 stock 12 0 0.0434783 0.0536918 -0.0102136 23 0 0 0 -0
1998 stock 13 0 0.0434783 0.0445928 -0.00111457 23 0 0 0 -0
1998 stock 14 0 0 0.03915 -0.03915 23 0 0 0 -0
1998 stock 15 0 0.0869565 0.0374627 0.0494938 23 0 0 0 0
1998 stock 16 0 0 0.033503 -0.033503 23 0 0 0 -0
1998 stock 17 0 0.0434783 0.0263735 0.0171048 23 0 0 0 0
1998 stock 18 0 0.0869565 0.0191566 0.0678 23 0 0 0 0
1998 stock 19 0 0 0.013394 -0.013394 23 0 0 0 -0
1998 stock 20 0 0 0.00908904 -0.00908904 23 0 0 0 -0
1998 stock 21 0 0 0.0150259 -0.0150259 23 0 0 0 -0
2001 stock 4 0 0.0188679 0.0176119 0.00125604 53 0 0 0 0
2001 stock 5 0 0.0377358 0.0334829 0.00425293 53 0 0 0 0
2001 stock 6 0 0.0188679 0.0678854 -0.0490175 53 0 0 0 -0
2001 stock 7 0 0.0943396 0.103107 -0.00876716 53 0 0 0 -0
2001 stock 8 0 0.226415 0.132084 0.0943309 53 0 0 0 0
2001 stock 9 0 0.132075 0.154549 -0.0224737 53 0 0 0 -0
2001 stock 10 0 0.188679 0.150346 0.0383336 53 0 0 0 0
2001 stock 11 0 0.0188679 0.105974 -0.0871064 53 0 0 0 -0
2001 stock 12 0 0.0943396 0.0638469 0.0304927 53 0 0 0 0
2001 stock 13 0 0 0.0423348 -0.0423348 53 0 0 0 -0
2001 stock 14 0 0.0188679 0.0302248 -0.0113568 53 0 0 0 -0
2001 stock 15 0 0.0566038 0.0223079 0.0342959 53 0 0 0 0
2001 stock 16 0 0 0.0172555 -0.0172555 53 0 0 0 -0
2001 stock 17 0 0.0188679 0.0140601 0.00480778 53 0 0 0 0
2001 stock 18 0 0.0188679 0.0120647 0.00680326 53 0 0 0 0
2001 stock 19 0 0.0188679 0.0101063 0.00876165 53 0 0 0 0
2001 stock 20 0 0.0377358 0.00775313 0.0299827 53 0 0 0 0
2001 stock 21 0 0 0.0150057 -0.0150057 53 0 0 0 -0
2004 stock 4 0 0 0.0171479 -0.0171479 43 0 0 0 -0
2004 stock 5 0 0.0465116 0.0358787 0.010633 43 0 0 0 0
2004 stock 6 0 0.116279 0.0425268 0.0737523 43 0 0 0 0
2004 stock 7 0 0.0930233 0.0662789 0.0267443 43 0 0 0 0
2004 stock 8 0 0.0930233 0.0913237 0.00169953 43 0 0 0 0
2004 stock 9 0 0.162791 0.12194 0.0408511 43 0 0 0 0
2004 stock 10 0 0.116279 0.133597 -0.0173184 43 0 0 0 -0
2004 stock 11 0 0.0930233 0.125962 -0.0329391 43 0 0 0 -0
2004 stock 12 0 0.116279 0.111383 0.00489639 43 0 0 0 0
2004 stock 13 0 0.0232558 0.0896829 -0.066427 43 0 0 0 -0
2004 stock 14 0 0.0232558 0.0603282 -0.0370724 43 0 0 0 -0
2004 stock 15 0 0 0.0353373 -0.0353373 43 0 0 0 -0
2004 stock 16 0 0.0232558 0.0210959 0.00215988 43 0 0 0 0
2004 stock 17 0 0 0.0136695 -0.0136695 43 0 0 0 -0
2004 stock 18 0 0.0232558 0.00932859 0.0139272 43 0 0 0 0
2004 stock 19 0 0 0.00663481 -0.00663481 43 0 0 0 -0
2004 stock 20 0 0.0232558 0.00495328 0.0183025 43 0 0 0 0
2004 stock 21 0 0.0465116 0.0129316 0.03358 43 0 0 0 0
2007 stock 4 0 0.0714286 0.0510646 0.0203639 42 0 0 0 0
2007 stock 5 0 0.142857 0.110327 0.0325302 42 0 0 0 0
2007 stock 6 0 0.047619 0.070049 -0.0224299 42 0 0 0 -0
2007 stock 7 0 0.0714286 0.0673218 0.00410679 42 0 0 0 0
2007 stock 8 0 0.0238095 0.085037 -0.0612275 42 0 0 0 -0
2007 stock 9 0 0.0714286 0.0801881 -0.00875957 42 0 0 0 -0
2007 stock 10 0 0.119048 0.0804756 0.038572 42 0 0 0 0
2007 stock 11 0 0 0.0812855 -0.0812855 42 0 0 0 -0
2007 stock 12 0 0.047619 0.0806301 -0.0330111 42 0 0 0 -0
2007 stock 13 0 0.0952381 0.0748568 0.0203813 42 0 0 0 0
2007 stock 14 0 0.214286 0.0638218 0.150464 42 0 0 0 0
2007 stock 15 0 0.0714286 0.0516524 0.0197761 42 0 0 0 0
2007 stock 16 0 0 0.0388779 -0.0388779 42 0 0 0 -0
2007 stock 17 0 0 0.0258281 -0.0258281 42 0 0 0 -0
2007 stock 18 0 0 0.0151834 -0.0151834 42 0 0 0 -0
2007 stock 19 0 0 0.0085597 -0.0085597 42 0 0 0 -0
2007 stock 20 0 0 0.00505065 -0.00505065 42 0 0 0 -0
2007 stock 21 0 0.0238095 0.00979052 0.014019 42 0 0 0 0
*end

*selectivity[MaturationSel]
h: 13 
intervals: 5 
l: 2 
label: MaturationSel 
length_based: 0 
type: all_values_bounded 
v: 0.02 0.050000000000000003 0.13 0.28999999999999998 0.5 0.69999999999999996 0.83999999999999997 0.93000000000000005 0.96999999999999997 0.98999999999999999 0.98999999999999999 1 
Values {vector}
1 0
2 0.02
3 0.05
4 0.13
5 0.29
6 0.5
7 0.7
8 0.84
9 0.93
10 0.97
11 0.99
12 0.99
13 1
14 1
15 1
16 1
17 1
18 1
19 1
20 1
21 1
22 1
23 1
24 1
25 1
26 1
27 1
28 1
29 1
30 1
*end

*selectivity[westFSel]
alpha: 1 
intervals: 5 
label: westFSel 
length_based: 0 
mu: 6.4479800000000003 
sigma_l: 3.0032700000000001 
sigma_r: 7.8833099999999998 
type: double_normal 
Values {vector}
1 0.102191
2 0.218621
3 0.401069
4 0.630953
5 0.851186
6 0.984696
7 0.996607
8 0.973492
9 0.929935
10 0.868732
11 0.793653
12 0.709068
13 0.619523
14 0.529346
15 0.442317
16 0.361443
17 0.288841
18 0.22573
19 0.172517
20 0.12894
21 0.0942444
22 0.0673652
23 0.0470899
24 0.0321908
25 0.0215203
26 0.0140695
27 0.00899537
28 0.00562435
29 0.00343905
30 0.00205644
*end

*selectivity[eastFSel]
alpha: 1 
intervals: 5 
label: eastFSel 
length_based: 0 
mu: 10.812900000000001 
sigma_l: 3.50265 
sigma_r: 6.8698800000000002 
type: double_normal 
Values {vector}
1 0.00433797
2 0.0124252
3 0.0317867
4 0.0726296
5 0.148221
6 0.270167
7 0.439825
8 0.639522
9 0.830534
10 0.963354
11 0.999486
12 0.979516
13 0.932158
14 0.861412
15 0.772992
16 0.67357
17 0.569946
18 0.468304
19 0.37365
20 0.289498
21 0.217806
22 0.159124
23 0.112888
24 0.0777677
25 0.0520231
26 0.0337937
27 0.0213166
28 0.013057
29 0.0077663
30 0.00448566
*end

*selectivity[chatTANSel]
alpha: 1 
intervals: 5 
label: chatTANSel 
length_based: 0 
mu: 7.3399999999999999 
sigma_l: 5.5338799999999999 
sigma_r: 10.866400000000001 
type: double_normal 
Values {vector}
1 0.402606
2 0.524437
3 0.652901
4 0.776857
5 0.883436
6 0.960173
7 0.997387
8 0.997446
9 0.983954
10 0.959315
11 0.924377
12 0.880315
13 0.828568
14 0.770761
15 0.708618
16 0.643882
17 0.57823
18 0.513212
19 0.450189
20 0.390295
21 0.33442
22 0.2832
23 0.237026
24 0.196065
25 0.160289
26 0.129512
27 0.103423
28 0.0816252
29 0.0636698
30 0.0490845
*end

*selectivity[One]
c: 1 
intervals: 5 
label: One 
length_based: 0 
type: constant 
Values {vector}
1 1
2 1
3 1
4 1
5 1
6 1
7 1
8 1
9 1
10 1
11 1
12 1
13 1
14 1
15 1
16 1
17 1
18 1
19 1
20 1
21 1
22 1
23 1
24 1
25 1
26 1
27 1
28 1
29 1
30 1
*end

*info[messages_encountered]
Values {string}
Setting the random number seed to 123
Estimable parameters were loaded from the free parameter file: pars.out
Creating default report for derived quantity biomass_t1
Creating default report for observation chatTANbiomass
Creating default report for observation chatTANage
Creating default report for observation chatOBSwst
Creating default report for observation chatOBSest
Creating default report for selectivity MaturationSel
Creating default report for selectivity westFSel
Creating default report for selectivity eastFSel
Creating default report for selectivity chatTANSel
Creating default report for selectivity One
Initiating simulation run mode
*end

*warnings[messages_encountered]
Values {string}
Estimates were removed because of matching lower and upper bounds. Originally had 48 estimates, now have 46
*end

